
   0.000233,,ff.keypress,3,c:\work\pioner\f_start.sct,2
   0.000179,,ff.keypress,3,c:\work\pioner\f_start.sct,2
   0.000181,,ff.keypress,3,c:\work\pioner\f_start.sct,2
   0.000179,,ff.keypress,3,c:\work\pioner\f_start.sct,2
   0.000185,,ff.btok.click,2,c:\work\pioner\f_start.sct,2
   0.000096,,ff.btok.click,4,c:\work\pioner\f_start.sct,2
   0.004708,,ff.btok.click,6,c:\work\pioner\f_start.sct,2
   0.000120,,get_psw_by_user,3,c:\work\pioner\get_psw_by_user.fxp,3
   0.000063,,get_psw_by_user,4,c:\work\pioner\get_psw_by_user.fxp,3
   0.001606,,get_psw_by_user,6,c:\work\pioner\get_psw_by_user.fxp,3
   0.000117,,get_psw_by_user,7,c:\work\pioner\get_psw_by_user.fxp,3
   0.000226,,get_psw_by_user,8,c:\work\pioner\get_psw_by_user.fxp,3
   0.000024,,get_psw_by_user,9,c:\work\pioner\get_psw_by_user.fxp,3
   0.000094,,get_psw_by_user,10,c:\work\pioner\get_psw_by_user.fxp,3
   0.000037,,get_psw_by_user,12,c:\work\pioner\get_psw_by_user.fxp,3
   0.000063,,ff.btok.click,8,c:\work\pioner\f_start.sct,2
   0.000198,,ff.btok.click,9,c:\work\pioner\f_start.sct,2
   0.004002,,ff.btok.click,10,c:\work\pioner\f_start.sct,2
   0.000061,,get_cat_by_user,3,c:\work\pioner\get_cat_by_user.fxp,3
   0.000026,,get_cat_by_user,4,c:\work\pioner\get_cat_by_user.fxp,3
   0.000997,,get_cat_by_user,6,c:\work\pioner\get_cat_by_user.fxp,3
   0.000042,,get_cat_by_user,7,c:\work\pioner\get_cat_by_user.fxp,3
   0.000029,,get_cat_by_user,8,c:\work\pioner\get_cat_by_user.fxp,3
   0.000399,,get_cat_by_user,9,c:\work\pioner\get_cat_by_user.fxp,3
   0.000097,,get_cat_by_user,10,c:\work\pioner\get_cat_by_user.fxp,3
   0.000035,,get_cat_by_user,12,c:\work\pioner\get_cat_by_user.fxp,3
   0.000085,,ff.btok.click,11,c:\work\pioner\f_start.sct,2
   0.000034,,ff.btok.click,12,c:\work\pioner\f_start.sct,2
   0.001645,,ff.btok.click,14,c:\work\pioner\f_start.sct,2
   0.000094,,ff.unload,1,c:\work\pioner\f_start.sct,2
   0.000068,,main,155,c:\work\pioner\main.fxp,1
   0.000025,,main,159,c:\work\pioner\main.fxp,1
   0.078167,,main,161,c:\work\pioner\main.fxp,1
   0.000059,,setprot,1050,c:\work\pioner\procs.fxp,2
   0.075987,,setprot,1052,c:\work\pioner\procs.fxp,2
   0.000062,,setprot,1053,c:\work\pioner\procs.fxp,2
   0.000036,,setprot,1054,c:\work\pioner\procs.fxp,2
   0.000023,,setprot,1055,c:\work\pioner\procs.fxp,2
   0.000120,,setprot,1058,c:\work\pioner\procs.fxp,2
   0.000438,,setprot,1060,c:\work\pioner\procs.fxp,2
   0.000040,,setprot,1062,c:\work\pioner\procs.fxp,2
   0.000990,,setprot,1067,c:\work\pioner\procs.fxp,2
   0.003788,,main,163,c:\work\pioner\main.fxp,1
   0.000063,,main,170,c:\work\pioner\main.fxp,1
   0.066249,,main,171,c:\work\pioner\main.fxp,1
   0.000601,,formset2.init,1,c:\work\pioner\f_main.sct,2
   0.048611,,formset2.init,2,c:\work\pioner\f_main.sct,2
   0.000310,cl_main_toolbar,cl_main_toolbar.init,2,c:\work\pioner\main_toolbar.vct,3
   0.000121,cl_main_toolbar,cl_main_toolbar.init,3,c:\work\pioner\main_toolbar.vct,3
   0.000222,cl_main_toolbar,cl_main_toolbar.init,4,c:\work\pioner\main_toolbar.vct,3
   0.000047,cl_main_toolbar,cl_main_toolbar.init,8,c:\work\pioner\main_toolbar.vct,3
   0.000037,cl_main_toolbar,cl_main_toolbar.init,9,c:\work\pioner\main_toolbar.vct,3
   0.000035,cl_main_toolbar,cl_main_toolbar.init,11,c:\work\pioner\main_toolbar.vct,3
   0.000063,cl_main_toolbar,cl_main_toolbar.init,23,c:\work\pioner\main_toolbar.vct,3
   0.000052,cl_main_toolbar,cl_main_toolbar.init,24,c:\work\pioner\main_toolbar.vct,3
   0.000056,cl_main_toolbar,cl_main_toolbar.init,25,c:\work\pioner\main_toolbar.vct,3
   0.000062,cl_main_toolbar,cl_main_toolbar.init,26,c:\work\pioner\main_toolbar.vct,3
   0.000053,cl_main_toolbar,cl_main_toolbar.init,27,c:\work\pioner\main_toolbar.vct,3
   0.000054,cl_main_toolbar,cl_main_toolbar.init,28,c:\work\pioner\main_toolbar.vct,3
   0.000052,cl_main_toolbar,cl_main_toolbar.init,29,c:\work\pioner\main_toolbar.vct,3
   0.000052,cl_main_toolbar,cl_main_toolbar.init,30,c:\work\pioner\main_toolbar.vct,3
   0.000071,cl_main_toolbar,cl_main_toolbar.init,31,c:\work\pioner\main_toolbar.vct,3
   0.000067,cl_main_toolbar,cl_main_toolbar.init,32,c:\work\pioner\main_toolbar.vct,3
   0.000035,cl_main_toolbar,cl_main_toolbar.init,33,c:\work\pioner\main_toolbar.vct,3
   0.000103,,formset2.init,3,c:\work\pioner\f_main.sct,2
   0.005021,,formset2.init,4,c:\work\pioner\f_main.sct,2
   0.000072,,main,172,c:\work\pioner\main.fxp,1
   0.274025,,main,182,c:\work\pioner\main.fxp,1
   0.003389,,main_menu,26,c:\work\pioner\main_menu.fxp,2
   0.000255,,main_menu,28,c:\work\pioner\main_menu.fxp,2
   0.000115,,main_menu,30,c:\work\pioner\main_menu.fxp,2
   0.001125,,main_menu,32,c:\work\pioner\main_menu.fxp,2
   0.049923,,main_menu,33,c:\work\pioner\main_menu.fxp,2
   0.012651,,main_menu,36,c:\work\pioner\main_menu.fxp,2
   0.011697,,main_menu,38,c:\work\pioner\main_menu.fxp,2
   0.034600,,main_menu,40,c:\work\pioner\main_menu.fxp,2
   0.011755,,main_menu,42,c:\work\pioner\main_menu.fxp,2
   0.011806,,main_menu,44,c:\work\pioner\main_menu.fxp,2
   0.012305,,main_menu,46,c:\work\pioner\main_menu.fxp,2
   0.000194,,main_menu,47,c:\work\pioner\main_menu.fxp,2
   0.000080,,main_menu,48,c:\work\pioner\main_menu.fxp,2
   0.000082,,main_menu,49,c:\work\pioner\main_menu.fxp,2
   0.000081,,main_menu,50,c:\work\pioner\main_menu.fxp,2
   0.000082,,main_menu,51,c:\work\pioner\main_menu.fxp,2
   0.000055,,main_menu,52,c:\work\pioner\main_menu.fxp,2
   0.000060,,main_menu,54,c:\work\pioner\main_menu.fxp,2
   0.000076,,main_menu,55,c:\work\pioner\main_menu.fxp,2
   0.000055,,main_menu,56,c:\work\pioner\main_menu.fxp,2
   0.000040,,main_menu,59,c:\work\pioner\main_menu.fxp,2
   0.000063,,main_menu,60,c:\work\pioner\main_menu.fxp,2
   0.000044,,main_menu,61,c:\work\pioner\main_menu.fxp,2
   0.000046,,main_menu,64,c:\work\pioner\main_menu.fxp,2
   0.000055,,main_menu,65,c:\work\pioner\main_menu.fxp,2
   0.000054,,main_menu,66,c:\work\pioner\main_menu.fxp,2
   0.000049,,main_menu,68,c:\work\pioner\main_menu.fxp,2
   0.000050,,main_menu,69,c:\work\pioner\main_menu.fxp,2
   0.000242,,main_menu,70,c:\work\pioner\main_menu.fxp,2
   0.000048,,main_menu,71,c:\work\pioner\main_menu.fxp,2
   0.000049,,main_menu,72,c:\work\pioner\main_menu.fxp,2
   0.000053,,main_menu,73,c:\work\pioner\main_menu.fxp,2
   0.000053,,main_menu,74,c:\work\pioner\main_menu.fxp,2
   0.000047,,main_menu,75,c:\work\pioner\main_menu.fxp,2
   0.000049,,main_menu,76,c:\work\pioner\main_menu.fxp,2
   0.000050,,main_menu,77,c:\work\pioner\main_menu.fxp,2
   0.000056,,main_menu,78,c:\work\pioner\main_menu.fxp,2
   0.000106,,main_menu,80,c:\work\pioner\main_menu.fxp,2
   0.000081,,main_menu,81,c:\work\pioner\main_menu.fxp,2
   0.000077,,main_menu,83,c:\work\pioner\main_menu.fxp,2
   0.000076,,main_menu,85,c:\work\pioner\main_menu.fxp,2
   0.000078,,main_menu,86,c:\work\pioner\main_menu.fxp,2
   0.000077,,main_menu,87,c:\work\pioner\main_menu.fxp,2
   0.014961,,main_menu,88,c:\work\pioner\main_menu.fxp,2
   0.000391,,main_menu,89,c:\work\pioner\main_menu.fxp,2
   0.000115,,main_menu,90,c:\work\pioner\main_menu.fxp,2
   0.000093,,main_menu,91,c:\work\pioner\main_menu.fxp,2
   0.000085,,main_menu,92,c:\work\pioner\main_menu.fxp,2
   0.000118,,main_menu,93,c:\work\pioner\main_menu.fxp,2
   0.000058,,main_menu,97,c:\work\pioner\main_menu.fxp,2
   0.000072,,main_menu,99,c:\work\pioner\main_menu.fxp,2
   0.000057,,main_menu,100,c:\work\pioner\main_menu.fxp,2
   0.000044,,main_menu,102,c:\work\pioner\main_menu.fxp,2
   0.000051,,main_menu,104,c:\work\pioner\main_menu.fxp,2
   0.000057,,main_menu,105,c:\work\pioner\main_menu.fxp,2
   0.000061,,main_menu,107,c:\work\pioner\main_menu.fxp,2
   0.000054,,main_menu,108,c:\work\pioner\main_menu.fxp,2
   0.000046,,main_menu,117,c:\work\pioner\main_menu.fxp,2
   0.000054,,main_menu,118,c:\work\pioner\main_menu.fxp,2
   0.000046,,main_menu,119,c:\work\pioner\main_menu.fxp,2
   0.000051,,main_menu,120,c:\work\pioner\main_menu.fxp,2
   0.000054,,main_menu,121,c:\work\pioner\main_menu.fxp,2
   0.000046,,main_menu,124,c:\work\pioner\main_menu.fxp,2
   0.000082,,main_menu,126,c:\work\pioner\main_menu.fxp,2
   0.000061,,main_menu,127,c:\work\pioner\main_menu.fxp,2
   0.000051,,main_menu,128,c:\work\pioner\main_menu.fxp,2
   0.000047,,main_menu,129,c:\work\pioner\main_menu.fxp,2
   0.000044,,main_menu,130,c:\work\pioner\main_menu.fxp,2
   0.000050,,main_menu,131,c:\work\pioner\main_menu.fxp,2
   0.000051,,main_menu,132,c:\work\pioner\main_menu.fxp,2
   0.000053,,main_menu,133,c:\work\pioner\main_menu.fxp,2
   0.000073,,main_menu,134,c:\work\pioner\main_menu.fxp,2
   0.000065,,main_menu,137,c:\work\pioner\main_menu.fxp,2
   0.000051,,main_menu,138,c:\work\pioner\main_menu.fxp,2
   0.000050,,main_menu,139,c:\work\pioner\main_menu.fxp,2
   0.000051,,main_menu,140,c:\work\pioner\main_menu.fxp,2
   0.000052,,main_menu,141,c:\work\pioner\main_menu.fxp,2
   0.000051,,main_menu,142,c:\work\pioner\main_menu.fxp,2
   0.000052,,main_menu,143,c:\work\pioner\main_menu.fxp,2
   0.000050,,main_menu,146,c:\work\pioner\main_menu.fxp,2
   0.000060,,main_menu,147,c:\work\pioner\main_menu.fxp,2
   0.000059,,main_menu,148,c:\work\pioner\main_menu.fxp,2
   0.000094,,main_menu,149,c:\work\pioner\main_menu.fxp,2
   0.000085,,main_menu,150,c:\work\pioner\main_menu.fxp,2
   0.000046,,main_menu,152,c:\work\pioner\main_menu.fxp,2
   0.000060,,main_menu,153,c:\work\pioner\main_menu.fxp,2
   0.000050,,main_menu,154,c:\work\pioner\main_menu.fxp,2
   0.000050,,main_menu,155,c:\work\pioner\main_menu.fxp,2
   0.000051,,main_menu,156,c:\work\pioner\main_menu.fxp,2
   0.000059,,main_menu,157,c:\work\pioner\main_menu.fxp,2
   0.000061,,main_menu,158,c:\work\pioner\main_menu.fxp,2
   0.000053,,main_menu,159,c:\work\pioner\main_menu.fxp,2
   0.000044,,main_menu,160,c:\work\pioner\main_menu.fxp,2
   0.000044,,main_menu,161,c:\work\pioner\main_menu.fxp,2
   0.000044,,main_menu,162,c:\work\pioner\main_menu.fxp,2
   0.000047,,main_menu,164,c:\work\pioner\main_menu.fxp,2
   0.000058,,main_menu,165,c:\work\pioner\main_menu.fxp,2
   0.000060,,main_menu,166,c:\work\pioner\main_menu.fxp,2
   0.000061,,main_menu,167,c:\work\pioner\main_menu.fxp,2
   0.000066,,main_menu,168,c:\work\pioner\main_menu.fxp,2
   0.000054,,main_menu,169,c:\work\pioner\main_menu.fxp,2
   0.000090,,main_menu,170,c:\work\pioner\main_menu.fxp,2
   0.000084,,main_menu,171,c:\work\pioner\main_menu.fxp,2
   0.001392,,main_menu,172,c:\work\pioner\main_menu.fxp,2
   0.000165,,main_menu,173,c:\work\pioner\main_menu.fxp,2
   0.000087,,main_menu,174,c:\work\pioner\main_menu.fxp,2
   0.000107,,main_menu,176,c:\work\pioner\main_menu.fxp,2
   0.000071,,main_menu,179,c:\work\pioner\main_menu.fxp,2
   0.000075,,main_menu,180,c:\work\pioner\main_menu.fxp,2
   0.000056,,main_menu,181,c:\work\pioner\main_menu.fxp,2
   0.000049,,main_menu,182,c:\work\pioner\main_menu.fxp,2
   0.000097,,main_menu,183,c:\work\pioner\main_menu.fxp,2
   0.000068,,main_menu,184,c:\work\pioner\main_menu.fxp,2
   0.000065,,main_menu,185,c:\work\pioner\main_menu.fxp,2
   0.000051,,main_menu,187,c:\work\pioner\main_menu.fxp,2
   0.000070,,main_menu,188,c:\work\pioner\main_menu.fxp,2
   0.000064,,main_menu,189,c:\work\pioner\main_menu.fxp,2
   0.000053,,main_menu,190,c:\work\pioner\main_menu.fxp,2
   0.000052,,main_menu,191,c:\work\pioner\main_menu.fxp,2
   0.000053,,main_menu,192,c:\work\pioner\main_menu.fxp,2
   0.000052,,main_menu,193,c:\work\pioner\main_menu.fxp,2
   0.000051,,main_menu,194,c:\work\pioner\main_menu.fxp,2
   0.000052,,main_menu,195,c:\work\pioner\main_menu.fxp,2
   0.000056,,main_menu,196,c:\work\pioner\main_menu.fxp,2
   0.000068,,main_menu,197,c:\work\pioner\main_menu.fxp,2
   0.000053,,main_menu,198,c:\work\pioner\main_menu.fxp,2
   0.000054,,main_menu,199,c:\work\pioner\main_menu.fxp,2
   0.000053,,main_menu,200,c:\work\pioner\main_menu.fxp,2
   0.000053,,main_menu,201,c:\work\pioner\main_menu.fxp,2
   0.000053,,main_menu,202,c:\work\pioner\main_menu.fxp,2
   0.000050,,main_menu,203,c:\work\pioner\main_menu.fxp,2
   0.000076,,main_menu,204,c:\work\pioner\main_menu.fxp,2
   0.000681,,main_menu,205,c:\work\pioner\main_menu.fxp,2
   0.000109,,main_menu,206,c:\work\pioner\main_menu.fxp,2
   0.000073,,main_menu,207,c:\work\pioner\main_menu.fxp,2
   0.000068,,main_menu,208,c:\work\pioner\main_menu.fxp,2
   0.000070,,main_menu,209,c:\work\pioner\main_menu.fxp,2
   0.000061,,main_menu,210,c:\work\pioner\main_menu.fxp,2
   0.000069,,main_menu,211,c:\work\pioner\main_menu.fxp,2
   0.000066,,main_menu,212,c:\work\pioner\main_menu.fxp,2
   0.000075,,main_menu,213,c:\work\pioner\main_menu.fxp,2
   0.000074,,main_menu,214,c:\work\pioner\main_menu.fxp,2
   0.000080,,main_menu,215,c:\work\pioner\main_menu.fxp,2
   0.000072,,main_menu,216,c:\work\pioner\main_menu.fxp,2
   0.000069,,main_menu,217,c:\work\pioner\main_menu.fxp,2
   0.000070,,main_menu,218,c:\work\pioner\main_menu.fxp,2
   0.000067,,main_menu,219,c:\work\pioner\main_menu.fxp,2
   0.000083,,main_menu,221,c:\work\pioner\main_menu.fxp,2
   0.000097,,main_menu,222,c:\work\pioner\main_menu.fxp,2
   0.000057,,main_menu,223,c:\work\pioner\main_menu.fxp,2
   0.000058,,main_menu,224,c:\work\pioner\main_menu.fxp,2
   0.000055,,main_menu,225,c:\work\pioner\main_menu.fxp,2
   0.000055,,main_menu,226,c:\work\pioner\main_menu.fxp,2
   0.000053,,main_menu,227,c:\work\pioner\main_menu.fxp,2
   0.000052,,main_menu,228,c:\work\pioner\main_menu.fxp,2
   0.000052,,main_menu,229,c:\work\pioner\main_menu.fxp,2
   0.000074,,main_menu,230,c:\work\pioner\main_menu.fxp,2
   0.000070,,main_menu,231,c:\work\pioner\main_menu.fxp,2
   0.000081,,main_menu,232,c:\work\pioner\main_menu.fxp,2
   0.000081,,main_menu,233,c:\work\pioner\main_menu.fxp,2
   0.000067,,main_menu,234,c:\work\pioner\main_menu.fxp,2
   0.000069,,main_menu,235,c:\work\pioner\main_menu.fxp,2
   0.000070,,main_menu,236,c:\work\pioner\main_menu.fxp,2
   0.000064,,main_menu,237,c:\work\pioner\main_menu.fxp,2
   0.000056,,main_menu,239,c:\work\pioner\main_menu.fxp,2
   0.000068,,main_menu,240,c:\work\pioner\main_menu.fxp,2
   0.000053,,main_menu,241,c:\work\pioner\main_menu.fxp,2
   0.000060,,main_menu,242,c:\work\pioner\main_menu.fxp,2
   0.000061,,main_menu,243,c:\work\pioner\main_menu.fxp,2
   0.000049,,main_menu,244,c:\work\pioner\main_menu.fxp,2
   0.000054,,main_menu,245,c:\work\pioner\main_menu.fxp,2
   0.000079,,main_menu,246,c:\work\pioner\main_menu.fxp,2
   0.000069,,main_menu,247,c:\work\pioner\main_menu.fxp,2
   0.000070,,main_menu,248,c:\work\pioner\main_menu.fxp,2
   0.000067,,main_menu,249,c:\work\pioner\main_menu.fxp,2
   0.000067,,main_menu,250,c:\work\pioner\main_menu.fxp,2
   0.000077,,main_menu,251,c:\work\pioner\main_menu.fxp,2
   0.000054,,main_menu,253,c:\work\pioner\main_menu.fxp,2
   0.000061,,main_menu,254,c:\work\pioner\main_menu.fxp,2
   0.000056,,main_menu,255,c:\work\pioner\main_menu.fxp,2
   0.000056,,main_menu,256,c:\work\pioner\main_menu.fxp,2
   0.000054,,main_menu,257,c:\work\pioner\main_menu.fxp,2
   0.000057,,main_menu,258,c:\work\pioner\main_menu.fxp,2
   0.000053,,main_menu,259,c:\work\pioner\main_menu.fxp,2
   0.000059,,main_menu,260,c:\work\pioner\main_menu.fxp,2
   0.000064,,main_menu,261,c:\work\pioner\main_menu.fxp,2
   0.000066,,main_menu,262,c:\work\pioner\main_menu.fxp,2
   0.000051,,main_menu,263,c:\work\pioner\main_menu.fxp,2
   0.000051,,main_menu,264,c:\work\pioner\main_menu.fxp,2
   0.000059,,main_menu,265,c:\work\pioner\main_menu.fxp,2
   0.000054,,main_menu,266,c:\work\pioner\main_menu.fxp,2
   0.000054,,main_menu,267,c:\work\pioner\main_menu.fxp,2
   0.000054,,main_menu,268,c:\work\pioner\main_menu.fxp,2
   0.000061,,main_menu,269,c:\work\pioner\main_menu.fxp,2
   0.000076,,main_menu,270,c:\work\pioner\main_menu.fxp,2
   0.000052,,main_menu,271,c:\work\pioner\main_menu.fxp,2
   0.000054,,main_menu,272,c:\work\pioner\main_menu.fxp,2
   0.000051,,main_menu,273,c:\work\pioner\main_menu.fxp,2
   0.000054,,main_menu,274,c:\work\pioner\main_menu.fxp,2
   0.003880,,main_menu,275,c:\work\pioner\main_menu.fxp,2
   0.000137,,main_menu,276,c:\work\pioner\main_menu.fxp,2
   0.000097,,main_menu,277,c:\work\pioner\main_menu.fxp,2
   0.000106,,main_menu,278,c:\work\pioner\main_menu.fxp,2
   0.000081,,main_menu,279,c:\work\pioner\main_menu.fxp,2
   0.000077,,main_menu,280,c:\work\pioner\main_menu.fxp,2
   0.000074,,main_menu,281,c:\work\pioner\main_menu.fxp,2
   0.000072,,main_menu,282,c:\work\pioner\main_menu.fxp,2
   0.000072,,main_menu,283,c:\work\pioner\main_menu.fxp,2
   0.000072,,main_menu,284,c:\work\pioner\main_menu.fxp,2
   0.000072,,main_menu,285,c:\work\pioner\main_menu.fxp,2
   0.000080,,main_menu,286,c:\work\pioner\main_menu.fxp,2
   0.000081,,main_menu,287,c:\work\pioner\main_menu.fxp,2
   0.000070,,main_menu,288,c:\work\pioner\main_menu.fxp,2
   0.000072,,main_menu,289,c:\work\pioner\main_menu.fxp,2
   0.000070,,main_menu,290,c:\work\pioner\main_menu.fxp,2
   0.000077,,main_menu,291,c:\work\pioner\main_menu.fxp,2
   0.000075,,main_menu,292,c:\work\pioner\main_menu.fxp,2
   0.000072,,main_menu,293,c:\work\pioner\main_menu.fxp,2
   0.000077,,main_menu,294,c:\work\pioner\main_menu.fxp,2
   0.000074,,main_menu,295,c:\work\pioner\main_menu.fxp,2
   0.000084,,main_menu,296,c:\work\pioner\main_menu.fxp,2
   0.000071,,main_menu,297,c:\work\pioner\main_menu.fxp,2
   0.000072,,main_menu,298,c:\work\pioner\main_menu.fxp,2
   0.000072,,main_menu,299,c:\work\pioner\main_menu.fxp,2
   0.000075,,main_menu,307,c:\work\pioner\main_menu.fxp,2
   0.000077,,main_menu,308,c:\work\pioner\main_menu.fxp,2
   0.000058,,main_menu,309,c:\work\pioner\main_menu.fxp,2
   0.000058,,main_menu,310,c:\work\pioner\main_menu.fxp,2
   0.000060,,main_menu,313,c:\work\pioner\main_menu.fxp,2
   0.000052,,main_menu,314,c:\work\pioner\main_menu.fxp,2
   0.000055,,main_menu,315,c:\work\pioner\main_menu.fxp,2
   0.000057,,main_menu,316,c:\work\pioner\main_menu.fxp,2
   0.000061,,main_menu,317,c:\work\pioner\main_menu.fxp,2
   0.000065,,main_menu,318,c:\work\pioner\main_menu.fxp,2
   0.000058,,main_menu,319,c:\work\pioner\main_menu.fxp,2
   0.000062,,main_menu,320,c:\work\pioner\main_menu.fxp,2
   0.000064,,main_menu,321,c:\work\pioner\main_menu.fxp,2
   0.000068,,main_menu,322,c:\work\pioner\main_menu.fxp,2
   0.000146,,main_menu,325,c:\work\pioner\main_menu.fxp,2
   0.000062,,main_menu,326,c:\work\pioner\main_menu.fxp,2
   0.000053,,main_menu,327,c:\work\pioner\main_menu.fxp,2
   0.000054,,main_menu,328,c:\work\pioner\main_menu.fxp,2
   0.000053,,main_menu,329,c:\work\pioner\main_menu.fxp,2
   0.000052,,main_menu,330,c:\work\pioner\main_menu.fxp,2
   0.000056,,main_menu,333,c:\work\pioner\main_menu.fxp,2
   0.000067,,main_menu,334,c:\work\pioner\main_menu.fxp,2
   0.000069,,main_menu,335,c:\work\pioner\main_menu.fxp,2
   0.000055,,main_menu,336,c:\work\pioner\main_menu.fxp,2
   0.000056,,main_menu,337,c:\work\pioner\main_menu.fxp,2
   0.000058,,main_menu,338,c:\work\pioner\main_menu.fxp,2
   0.000061,,main_menu,339,c:\work\pioner\main_menu.fxp,2
   0.000058,,main_menu,340,c:\work\pioner\main_menu.fxp,2
   0.000058,,main_menu,341,c:\work\pioner\main_menu.fxp,2
   0.000052,,main_menu,342,c:\work\pioner\main_menu.fxp,2
   0.000057,,main_menu,343,c:\work\pioner\main_menu.fxp,2
   0.000058,,main_menu,345,c:\work\pioner\main_menu.fxp,2
   0.000070,,main_menu,346,c:\work\pioner\main_menu.fxp,2
   0.000060,,main_menu,347,c:\work\pioner\main_menu.fxp,2
   0.000061,,main_menu,348,c:\work\pioner\main_menu.fxp,2
   0.000061,,main_menu,349,c:\work\pioner\main_menu.fxp,2
   0.000053,,main_menu,350,c:\work\pioner\main_menu.fxp,2
   0.000060,,main_menu,351,c:\work\pioner\main_menu.fxp,2
   0.000065,,main_menu,352,c:\work\pioner\main_menu.fxp,2
   0.000071,,main_menu,353,c:\work\pioner\main_menu.fxp,2
   0.000069,,main_menu,354,c:\work\pioner\main_menu.fxp,2
   0.001232,,main_menu,355,c:\work\pioner\main_menu.fxp,2
   0.000106,,main_menu,356,c:\work\pioner\main_menu.fxp,2
   0.000063,,main_menu,357,c:\work\pioner\main_menu.fxp,2
   0.000054,,main_menu,358,c:\work\pioner\main_menu.fxp,2
   0.000064,,main_menu,359,c:\work\pioner\main_menu.fxp,2
   0.000089,,main_menu,360,c:\work\pioner\main_menu.fxp,2
   0.000083,,main_menu,361,c:\work\pioner\main_menu.fxp,2
   0.000075,,main_menu,362,c:\work\pioner\main_menu.fxp,2
   0.000062,,main_menu,363,c:\work\pioner\main_menu.fxp,2
   0.000060,,main_menu,364,c:\work\pioner\main_menu.fxp,2
   0.000060,,main_menu,365,c:\work\pioner\main_menu.fxp,2
   0.000058,,main_menu,366,c:\work\pioner\main_menu.fxp,2
   0.000060,,main_menu,367,c:\work\pioner\main_menu.fxp,2
   0.000061,,main_menu,368,c:\work\pioner\main_menu.fxp,2
   0.000064,,main_menu,369,c:\work\pioner\main_menu.fxp,2
   0.000068,,main_menu,370,c:\work\pioner\main_menu.fxp,2
   0.000079,,main_menu,372,c:\work\pioner\main_menu.fxp,2
   0.000071,,main_menu,374,c:\work\pioner\main_menu.fxp,2
   0.000064,,main_menu,375,c:\work\pioner\main_menu.fxp,2
   0.000056,,main_menu,394,c:\work\pioner\main_menu.fxp,2
   0.000068,,main_menu,395,c:\work\pioner\main_menu.fxp,2
   0.000063,,main_menu,396,c:\work\pioner\main_menu.fxp,2
   0.000060,,main_menu,397,c:\work\pioner\main_menu.fxp,2
   0.000065,,main_menu,398,c:\work\pioner\main_menu.fxp,2
   0.000073,,main_menu,399,c:\work\pioner\main_menu.fxp,2
   0.000053,,main_menu,400,c:\work\pioner\main_menu.fxp,2
   0.000059,,main_menu,401,c:\work\pioner\main_menu.fxp,2
   0.000059,,main_menu,402,c:\work\pioner\main_menu.fxp,2
   0.000065,,main_menu,403,c:\work\pioner\main_menu.fxp,2
   0.000061,,main_menu,404,c:\work\pioner\main_menu.fxp,2
   0.000060,,main_menu,405,c:\work\pioner\main_menu.fxp,2
   0.000067,,main_menu,406,c:\work\pioner\main_menu.fxp,2
   0.000065,,main_menu,407,c:\work\pioner\main_menu.fxp,2
   0.000074,,main_menu,408,c:\work\pioner\main_menu.fxp,2
   0.000061,,main_menu,409,c:\work\pioner\main_menu.fxp,2
   0.000060,,main_menu,410,c:\work\pioner\main_menu.fxp,2
   0.000061,,main_menu,411,c:\work\pioner\main_menu.fxp,2
   0.000060,,main_menu,413,c:\work\pioner\main_menu.fxp,2
   0.000073,,main_menu,414,c:\work\pioner\main_menu.fxp,2
   0.000061,,main_menu,415,c:\work\pioner\main_menu.fxp,2
   0.000062,,main_menu,416,c:\work\pioner\main_menu.fxp,2
   0.000070,,main_menu,417,c:\work\pioner\main_menu.fxp,2
   0.000072,,main_menu,418,c:\work\pioner\main_menu.fxp,2
   0.000060,,main_menu,419,c:\work\pioner\main_menu.fxp,2
   0.000060,,main_menu,420,c:\work\pioner\main_menu.fxp,2
   0.000061,,main_menu,421,c:\work\pioner\main_menu.fxp,2
   0.000057,,main_menu,423,c:\work\pioner\main_menu.fxp,2
   0.000074,,main_menu,424,c:\work\pioner\main_menu.fxp,2
   0.000063,,main_menu,426,c:\work\pioner\main_menu.fxp,2
   0.000068,,main_menu,429,c:\work\pioner\main_menu.fxp,2
   0.000076,,main_menu,430,c:\work\pioner\main_menu.fxp,2
   0.000059,,main_menu,431,c:\work\pioner\main_menu.fxp,2
   0.000062,,main_menu,432,c:\work\pioner\main_menu.fxp,2
   0.000066,,main_menu,433,c:\work\pioner\main_menu.fxp,2
   0.000055,,main_menu,434,c:\work\pioner\main_menu.fxp,2
   0.000145,,main_menu,443,c:\work\pioner\main_menu.fxp,2
   0.000074,,main_menu,444,c:\work\pioner\main_menu.fxp,2
   0.000057,,main_menu,447,c:\work\pioner\main_menu.fxp,2
   0.000068,,main_menu,448,c:\work\pioner\main_menu.fxp,2
   0.000125,,main_menu,449,c:\work\pioner\main_menu.fxp,2
   0.000065,,main_menu,450,c:\work\pioner\main_menu.fxp,2
   0.000063,,main_menu,457,c:\work\pioner\main_menu.fxp,2
   0.000059,,main_menu,459,c:\work\pioner\main_menu.fxp,2
   0.000068,,main_menu,460,c:\work\pioner\main_menu.fxp,2
   0.000057,,main_menu,461,c:\work\pioner\main_menu.fxp,2
   0.000075,,main_menu,462,c:\work\pioner\main_menu.fxp,2
   0.000063,,main_menu,463,c:\work\pioner\main_menu.fxp,2
   0.000062,,main_menu,465,c:\work\pioner\main_menu.fxp,2
   0.000075,,main_menu,466,c:\work\pioner\main_menu.fxp,2
   0.000065,,main_menu,467,c:\work\pioner\main_menu.fxp,2
   0.000058,,main_menu,468,c:\work\pioner\main_menu.fxp,2
   0.000060,,main_menu,469,c:\work\pioner\main_menu.fxp,2
   0.000117,,main_menu,471,c:\work\pioner\main_menu.fxp,2
   0.000048,,main_menu,472,c:\work\pioner\main_menu.fxp,2
   0.000044,,main_menu,473,c:\work\pioner\main_menu.fxp,2
   0.000512,,main_menu,474,c:\work\pioner\main_menu.fxp,2
   0.000082,,main_menu,475,c:\work\pioner\main_menu.fxp,2
   0.000073,,main_menu,477,c:\work\pioner\main_menu.fxp,2
   0.000087,,main_menu,478,c:\work\pioner\main_menu.fxp,2
   0.000067,,main_menu,479,c:\work\pioner\main_menu.fxp,2
   0.000062,,main_menu,480,c:\work\pioner\main_menu.fxp,2
   0.000062,,main_menu,481,c:\work\pioner\main_menu.fxp,2
   0.000061,,main_menu,525,c:\work\pioner\main_menu.fxp,2
   0.000075,,main_menu,528,c:\work\pioner\main_menu.fxp,2
   0.000069,,main_menu,529,c:\work\pioner\main_menu.fxp,2
   0.000079,,main_menu,530,c:\work\pioner\main_menu.fxp,2
   0.000058,,main_menu,531,c:\work\pioner\main_menu.fxp,2
   0.000065,,main_menu,532,c:\work\pioner\main_menu.fxp,2
   0.000067,,main_menu,535,c:\work\pioner\main_menu.fxp,2
   0.000058,,main_menu,536,c:\work\pioner\main_menu.fxp,2
   0.000065,,main_menu,538,c:\work\pioner\main_menu.fxp,2
   0.000077,,main_menu,539,c:\work\pioner\main_menu.fxp,2
   0.000058,,main_menu,540,c:\work\pioner\main_menu.fxp,2
   0.000074,,main_menu,541,c:\work\pioner\main_menu.fxp,2
   0.000079,,main_menu,542,c:\work\pioner\main_menu.fxp,2
   0.000063,,main_menu,543,c:\work\pioner\main_menu.fxp,2
   0.000062,,main_menu,544,c:\work\pioner\main_menu.fxp,2
   0.000905,,main_menu,551,c:\work\pioner\main_menu.fxp,2
   0.000113,,main_menu,552,c:\work\pioner\main_menu.fxp,2
   0.000078,,main_menu,555,c:\work\pioner\main_menu.fxp,2
   0.000068,,main_menu,560,c:\work\pioner\main_menu.fxp,2
   0.000063,,main_menu,561,c:\work\pioner\main_menu.fxp,2
   0.000074,,main_menu,563,c:\work\pioner\main_menu.fxp,2
   0.000066,,main_menu,564,c:\work\pioner\main_menu.fxp,2
   0.000065,,main_menu,565,c:\work\pioner\main_menu.fxp,2
   0.000074,,main_menu,566,c:\work\pioner\main_menu.fxp,2
   0.000067,,main_menu,567,c:\work\pioner\main_menu.fxp,2
   0.000073,,main_menu,568,c:\work\pioner\main_menu.fxp,2
   0.000061,,main_menu,569,c:\work\pioner\main_menu.fxp,2
   0.000069,,main_menu,570,c:\work\pioner\main_menu.fxp,2
   0.000087,,main_menu,578,c:\work\pioner\main_menu.fxp,2
   0.000069,,main_menu,584,c:\work\pioner\main_menu.fxp,2
   0.000066,,main_menu,585,c:\work\pioner\main_menu.fxp,2
   0.000064,,main_menu,586,c:\work\pioner\main_menu.fxp,2
   0.000059,,main_menu,593,c:\work\pioner\main_menu.fxp,2
   0.000056,,main_menu,594,c:\work\pioner\main_menu.fxp,2
   0.000056,,main_menu,595,c:\work\pioner\main_menu.fxp,2
   0.000063,,main_menu,599,c:\work\pioner\main_menu.fxp,2
   0.000071,,main_menu,601,c:\work\pioner\main_menu.fxp,2
   0.000075,,main_menu,602,c:\work\pioner\main_menu.fxp,2
   0.000076,,main_menu,604,c:\work\pioner\main_menu.fxp,2
   0.000064,,main_menu,605,c:\work\pioner\main_menu.fxp,2
   0.000063,,main_menu,606,c:\work\pioner\main_menu.fxp,2
   0.000064,,main_menu,607,c:\work\pioner\main_menu.fxp,2
   0.000063,,main_menu,608,c:\work\pioner\main_menu.fxp,2
   0.000064,,main_menu,609,c:\work\pioner\main_menu.fxp,2
   0.000065,,main_menu,610,c:\work\pioner\main_menu.fxp,2
   0.000068,,main_menu,611,c:\work\pioner\main_menu.fxp,2
   0.000072,,main_menu,612,c:\work\pioner\main_menu.fxp,2
   0.000162,,main_menu,613,c:\work\pioner\main_menu.fxp,2
   0.000068,,main_menu,615,c:\work\pioner\main_menu.fxp,2
   0.000073,,main_menu,616,c:\work\pioner\main_menu.fxp,2
   0.000062,,main_menu,617,c:\work\pioner\main_menu.fxp,2
   0.000066,,main_menu,618,c:\work\pioner\main_menu.fxp,2
   0.000063,,main_menu,619,c:\work\pioner\main_menu.fxp,2
   0.000066,,main_menu,621,c:\work\pioner\main_menu.fxp,2
   0.000121,,main_menu,627,c:\work\pioner\main_menu.fxp,2
   0.000072,,main_menu,629,c:\work\pioner\main_menu.fxp,2
   0.000065,,main_menu,630,c:\work\pioner\main_menu.fxp,2
   0.000061,,main_menu,631,c:\work\pioner\main_menu.fxp,2
   0.000063,,main_menu,632,c:\work\pioner\main_menu.fxp,2
   0.000060,,main_menu,633,c:\work\pioner\main_menu.fxp,2
   0.000061,,main_menu,634,c:\work\pioner\main_menu.fxp,2
   0.000063,,main_menu,635,c:\work\pioner\main_menu.fxp,2
   0.000058,,main_menu,636,c:\work\pioner\main_menu.fxp,2
   0.000085,,main_menu,637,c:\work\pioner\main_menu.fxp,2
   0.000079,,main_menu,638,c:\work\pioner\main_menu.fxp,2
   0.000064,,main_menu,639,c:\work\pioner\main_menu.fxp,2
   0.000060,,main_menu,640,c:\work\pioner\main_menu.fxp,2
   0.000075,,main_menu,641,c:\work\pioner\main_menu.fxp,2
   0.000065,,main_menu,642,c:\work\pioner\main_menu.fxp,2
   0.000060,,main_menu,643,c:\work\pioner\main_menu.fxp,2
   0.000061,,main_menu,644,c:\work\pioner\main_menu.fxp,2
   0.000061,,main_menu,645,c:\work\pioner\main_menu.fxp,2
   0.000072,,main_menu,646,c:\work\pioner\main_menu.fxp,2
   0.000061,,main_menu,647,c:\work\pioner\main_menu.fxp,2
   0.000061,,main_menu,648,c:\work\pioner\main_menu.fxp,2
   0.000061,,main_menu,649,c:\work\pioner\main_menu.fxp,2
   0.000074,,main_menu,651,c:\work\pioner\main_menu.fxp,2
   0.000064,,main_menu,652,c:\work\pioner\main_menu.fxp,2
   0.000066,,main_menu,653,c:\work\pioner\main_menu.fxp,2
   0.000064,,main_menu,654,c:\work\pioner\main_menu.fxp,2
   0.000065,,main_menu,655,c:\work\pioner\main_menu.fxp,2
   0.000075,,main_menu,656,c:\work\pioner\main_menu.fxp,2
   0.000059,,main_menu,657,c:\work\pioner\main_menu.fxp,2
   0.000060,,main_menu,658,c:\work\pioner\main_menu.fxp,2
   0.000060,,main_menu,659,c:\work\pioner\main_menu.fxp,2
   0.000061,,main_menu,660,c:\work\pioner\main_menu.fxp,2
   0.000061,,main_menu,661,c:\work\pioner\main_menu.fxp,2
   0.000064,,main_menu,662,c:\work\pioner\main_menu.fxp,2
   0.000060,,main_menu,663,c:\work\pioner\main_menu.fxp,2
   0.000065,,main_menu,664,c:\work\pioner\main_menu.fxp,2
   0.000072,,main_menu,665,c:\work\pioner\main_menu.fxp,2
   0.000061,,main_menu,666,c:\work\pioner\main_menu.fxp,2
   0.000060,,main_menu,667,c:\work\pioner\main_menu.fxp,2
   0.000069,,main_menu,668,c:\work\pioner\main_menu.fxp,2
   0.000066,,main_menu,669,c:\work\pioner\main_menu.fxp,2
   0.000062,,main_menu,670,c:\work\pioner\main_menu.fxp,2
   0.000137,,main_menu,672,c:\work\pioner\main_menu.fxp,2
   0.000052,,main_menu,673,c:\work\pioner\main_menu.fxp,2
   0.000053,,main_menu,674,c:\work\pioner\main_menu.fxp,2
   0.000065,,main_menu,676,c:\work\pioner\main_menu.fxp,2
   0.000064,,main_menu,677,c:\work\pioner\main_menu.fxp,2
   0.000088,,main_menu,680,c:\work\pioner\main_menu.fxp,2
   0.000049,,main_menu,681,c:\work\pioner\main_menu.fxp,2
   0.000047,,main_menu,682,c:\work\pioner\main_menu.fxp,2
   0.000047,,main_menu,683,c:\work\pioner\main_menu.fxp,2
   0.000097,,main_menu,685,c:\work\pioner\main_menu.fxp,2
   0.000059,,main_menu,686,c:\work\pioner\main_menu.fxp,2
   0.000059,,main_menu,687,c:\work\pioner\main_menu.fxp,2
   0.000065,,main_menu,688,c:\work\pioner\main_menu.fxp,2
   0.000062,,main_menu,690,c:\work\pioner\main_menu.fxp,2
   0.000078,,main_menu,699,c:\work\pioner\main_menu.fxp,2
   0.000066,,main_menu,700,c:\work\pioner\main_menu.fxp,2
   0.000073,,main_menu,701,c:\work\pioner\main_menu.fxp,2
   0.000063,,main_menu,702,c:\work\pioner\main_menu.fxp,2
   0.000066,,main_menu,703,c:\work\pioner\main_menu.fxp,2
   0.000074,,main_menu,718,c:\work\pioner\main_menu.fxp,2
   0.000079,,main_menu,719,c:\work\pioner\main_menu.fxp,2
   0.000116,,main_menu,720,c:\work\pioner\main_menu.fxp,2
   0.000070,,main_menu,722,c:\work\pioner\main_menu.fxp,2
   0.000330,,main_menu,728,c:\work\pioner\main_menu.fxp,2
   0.000092,,main_menu,729,c:\work\pioner\main_menu.fxp,2
   0.000061,,main_menu,730,c:\work\pioner\main_menu.fxp,2
   0.000060,,main_menu,731,c:\work\pioner\main_menu.fxp,2
   0.000065,,main_menu,732,c:\work\pioner\main_menu.fxp,2
   0.000064,,main_menu,733,c:\work\pioner\main_menu.fxp,2
   0.000061,,main_menu,734,c:\work\pioner\main_menu.fxp,2
   0.000084,,main_menu,735,c:\work\pioner\main_menu.fxp,2
   0.000069,,main_menu,736,c:\work\pioner\main_menu.fxp,2
   0.000068,,main_menu,737,c:\work\pioner\main_menu.fxp,2
   0.000069,,main_menu,738,c:\work\pioner\main_menu.fxp,2
   0.000072,,main_menu,739,c:\work\pioner\main_menu.fxp,2
   0.000079,,main_menu,741,c:\work\pioner\main_menu.fxp,2
   0.001105,,main_menu,743,c:\work\pioner\main_menu.fxp,2
   0.000154,,main_menu,744,c:\work\pioner\main_menu.fxp,2
   0.000071,,main_menu,745,c:\work\pioner\main_menu.fxp,2
   0.000071,,main_menu,746,c:\work\pioner\main_menu.fxp,2
   0.000072,,main_menu,747,c:\work\pioner\main_menu.fxp,2
   0.000075,,main_menu,748,c:\work\pioner\main_menu.fxp,2
   0.000064,,main_menu,749,c:\work\pioner\main_menu.fxp,2
   0.000070,,main_menu,750,c:\work\pioner\main_menu.fxp,2
   0.000074,,main_menu,755,c:\work\pioner\main_menu.fxp,2
   0.000077,,main_menu,756,c:\work\pioner\main_menu.fxp,2
   0.000082,,main_menu,757,c:\work\pioner\main_menu.fxp,2
   0.000088,,main_menu,758,c:\work\pioner\main_menu.fxp,2
   0.000073,,main_menu,759,c:\work\pioner\main_menu.fxp,2
   0.000070,,main_menu,760,c:\work\pioner\main_menu.fxp,2
   0.000068,,main_menu,765,c:\work\pioner\main_menu.fxp,2
   0.000064,,main_menu,766,c:\work\pioner\main_menu.fxp,2
   0.000077,,main_menu,767,c:\work\pioner\main_menu.fxp,2
   0.000094,,main_menu,768,c:\work\pioner\main_menu.fxp,2
   0.000090,,main_menu,776,c:\work\pioner\main_menu.fxp,2
   0.000068,,main_menu,777,c:\work\pioner\main_menu.fxp,2
   0.000080,,main_menu,778,c:\work\pioner\main_menu.fxp,2
   0.000062,,main_menu,782,c:\work\pioner\main_menu.fxp,2
   0.000064,,main_menu,783,c:\work\pioner\main_menu.fxp,2
   0.000065,,main_menu,784,c:\work\pioner\main_menu.fxp,2
   0.000070,,main_menu,785,c:\work\pioner\main_menu.fxp,2
   0.000070,,main_menu,786,c:\work\pioner\main_menu.fxp,2
   0.000075,,main_menu,787,c:\work\pioner\main_menu.fxp,2
   0.000080,,main_menu,789,c:\work\pioner\main_menu.fxp,2
   0.000071,,main_menu,791,c:\work\pioner\main_menu.fxp,2
   0.000068,,main_menu,792,c:\work\pioner\main_menu.fxp,2
   0.000061,,main_menu,793,c:\work\pioner\main_menu.fxp,2
   0.000067,,main_menu,794,c:\work\pioner\main_menu.fxp,2
  24.465188,,main,184,c:\work\pioner\main.fxp,1
   0.000305,,can,798,c:\work\pioner\main_menu.fxp,2
   0.000321,,can,798,c:\work\pioner\main_menu.fxp,2
   0.000305,,can,798,c:\work\pioner\main_menu.fxp,2
   0.000310,,can,798,c:\work\pioner\main_menu.fxp,2
   5.159379,,on selection bar,,,2
   0.000257,,f.init,2,c:\work\pioner\f_kt_vib.sct,3
   0.000480,,f.init,5,c:\work\pioner\f_kt_vib.sct,3
   0.000325,,f.init,6,c:\work\pioner\f_kt_vib.sct,3
   0.000136,,f.init,9,c:\work\pioner\f_kt_vib.sct,3
   0.019299,,f.init,11,c:\work\pioner\f_kt_vib.sct,3
   0.000098,,f.init,14,c:\work\pioner\f_kt_vib.sct,3
   0.282322,,f.init,15,c:\work\pioner\f_kt_vib.sct,3
   0.420801,,f.init,16,c:\work\pioner\f_kt_vib.sct,3
   0.000117,,f.init,27,c:\work\pioner\f_kt_vib.sct,3
   0.000064,,f.init,36,c:\work\pioner\f_kt_vib.sct,3
   0.033531,,f.init,37,c:\work\pioner\f_kt_vib.sct,3
   0.033355,,f.txtsort.programmaticchange,1,c:\work\pioner\f_kt_vib.sct,4
   0.000140,,f.txtsort.interactivechange,1,c:\work\pioner\f_kt_vib.sct,5
   0.000073,,f.txtsort.interactivechange,3,c:\work\pioner\f_kt_vib.sct,5
   0.000040,,f.txtsort.interactivechange,4,c:\work\pioner\f_kt_vib.sct,5
   0.000053,,f.txtsort.interactivechange,5,c:\work\pioner\f_kt_vib.sct,5
   0.000047,,f.txtsort.interactivechange,6,c:\work\pioner\f_kt_vib.sct,5
   0.031212,,f.txtsort.interactivechange,11,c:\work\pioner\f_kt_vib.sct,5
   0.000050,,f.txtizd.valid,1,c:\work\pioner\f_kt_vib.sct,6
   0.000072,,f.txtizd.valid,3,c:\work\pioner\f_kt_vib.sct,6
   0.000042,,f.txtizd.valid,5,c:\work\pioner\f_kt_vib.sct,6
   0.001934,,f.txtizd.valid,8,c:\work\pioner\f_kt_vib.sct,6
   0.000080,,f.txtizd.valid,9,c:\work\pioner\f_kt_vib.sct,6
   0.000082,,f.txtizd.valid,10,c:\work\pioner\f_kt_vib.sct,6
   0.000048,,f.txtizd.valid,11,c:\work\pioner\f_kt_vib.sct,6
   0.000079,,f.txtizd.valid,14,c:\work\pioner\f_kt_vib.sct,6
   0.001043,,f.txtizd.valid,15,c:\work\pioner\f_kt_vib.sct,6
   0.000047,,f.txtizd.valid,20,c:\work\pioner\f_kt_vib.sct,6
   0.000059,,f.txtizd.valid,22,c:\work\pioner\f_kt_vib.sct,6
   0.026479,,f.txtizd.valid,26,c:\work\pioner\f_kt_vib.sct,6
   0.000095,,f.txtizd.valid,27,c:\work\pioner\f_kt_vib.sct,6
   0.000112,,f.txtsort.interactivechange,14,c:\work\pioner\f_kt_vib.sct,5
   0.000056,,f.txtsort.interactivechange,15,c:\work\pioner\f_kt_vib.sct,5
   0.000040,,f.txtsort.interactivechange,16,c:\work\pioner\f_kt_vib.sct,5
   0.001076,,f.txtsort.interactivechange,21,c:\work\pioner\f_kt_vib.sct,5
   0.000146,,f.txtsort.interactivechange,23,c:\work\pioner\f_kt_vib.sct,5
   0.000083,,f.init,40,c:\work\pioner\f_kt_vib.sct,3
   0.000070,,f.init,41,c:\work\pioner\f_kt_vib.sct,3
   0.003553,,f.init,42,c:\work\pioner\f_kt_vib.sct,3
   0.000112,,f.init,43,c:\work\pioner\f_kt_vib.sct,3
   0.000137,,f.init,44,c:\work\pioner\f_kt_vib.sct,3
   0.000039,,f.init,45,c:\work\pioner\f_kt_vib.sct,3
   0.000068,,f.init,44,c:\work\pioner\f_kt_vib.sct,3
   0.000037,,f.init,45,c:\work\pioner\f_kt_vib.sct,3
   0.000066,,f.init,44,c:\work\pioner\f_kt_vib.sct,3
   0.000035,,f.init,45,c:\work\pioner\f_kt_vib.sct,3
   0.000062,,f.init,44,c:\work\pioner\f_kt_vib.sct,3
   0.000036,,f.init,45,c:\work\pioner\f_kt_vib.sct,3
   0.000069,,f.init,44,c:\work\pioner\f_kt_vib.sct,3
   0.000046,,f.init,45,c:\work\pioner\f_kt_vib.sct,3
   0.000063,,f.init,44,c:\work\pioner\f_kt_vib.sct,3
   0.000035,,f.init,45,c:\work\pioner\f_kt_vib.sct,3
   0.000062,,f.init,44,c:\work\pioner\f_kt_vib.sct,3
   0.000035,,f.init,45,c:\work\pioner\f_kt_vib.sct,3
   0.000073,,f.init,44,c:\work\pioner\f_kt_vib.sct,3
   0.000036,,f.init,45,c:\work\pioner\f_kt_vib.sct,3
   0.000063,,f.init,44,c:\work\pioner\f_kt_vib.sct,3
   0.000035,,f.init,45,c:\work\pioner\f_kt_vib.sct,3
   0.000068,,f.init,44,c:\work\pioner\f_kt_vib.sct,3
   0.000046,,f.init,45,c:\work\pioner\f_kt_vib.sct,3
   0.000070,,f.init,44,c:\work\pioner\f_kt_vib.sct,3
   0.000035,,f.init,45,c:\work\pioner\f_kt_vib.sct,3
   0.000063,,f.init,44,c:\work\pioner\f_kt_vib.sct,3
   0.000035,,f.init,45,c:\work\pioner\f_kt_vib.sct,3
   0.000065,,f.init,44,c:\work\pioner\f_kt_vib.sct,3
   0.000035,,f.init,45,c:\work\pioner\f_kt_vib.sct,3
   0.000062,,f.init,44,c:\work\pioner\f_kt_vib.sct,3
   0.000040,,f.init,45,c:\work\pioner\f_kt_vib.sct,3
   0.000073,,f.init,44,c:\work\pioner\f_kt_vib.sct,3
   0.000039,,f.init,45,c:\work\pioner\f_kt_vib.sct,3
   0.000062,,f.init,44,c:\work\pioner\f_kt_vib.sct,3
   0.000035,,f.init,45,c:\work\pioner\f_kt_vib.sct,3
   0.000063,,f.init,44,c:\work\pioner\f_kt_vib.sct,3
   0.000035,,f.init,45,c:\work\pioner\f_kt_vib.sct,3
   0.000065,,f.init,44,c:\work\pioner\f_kt_vib.sct,3
   0.000035,,f.init,45,c:\work\pioner\f_kt_vib.sct,3
   0.000063,,f.init,44,c:\work\pioner\f_kt_vib.sct,3
   0.000040,,f.init,45,c:\work\pioner\f_kt_vib.sct,3
   0.000074,,f.init,44,c:\work\pioner\f_kt_vib.sct,3
   0.000035,,f.init,45,c:\work\pioner\f_kt_vib.sct,3
   0.000062,,f.init,44,c:\work\pioner\f_kt_vib.sct,3
   0.000035,,f.init,45,c:\work\pioner\f_kt_vib.sct,3
   0.000071,,f.init,44,c:\work\pioner\f_kt_vib.sct,3
   0.000036,,f.init,45,c:\work\pioner\f_kt_vib.sct,3
   0.000065,,f.init,44,c:\work\pioner\f_kt_vib.sct,3
   0.000035,,f.init,45,c:\work\pioner\f_kt_vib.sct,3
   0.000068,,f.init,44,c:\work\pioner\f_kt_vib.sct,3
   0.000046,,f.init,45,c:\work\pioner\f_kt_vib.sct,3
   0.000063,,f.init,44,c:\work\pioner\f_kt_vib.sct,3
   0.000035,,f.init,45,c:\work\pioner\f_kt_vib.sct,3
   0.000062,,f.init,44,c:\work\pioner\f_kt_vib.sct,3
   0.000035,,f.init,45,c:\work\pioner\f_kt_vib.sct,3
   0.000063,,f.init,44,c:\work\pioner\f_kt_vib.sct,3
   0.000035,,f.init,45,c:\work\pioner\f_kt_vib.sct,3
   0.000067,,f.init,44,c:\work\pioner\f_kt_vib.sct,3
   0.000035,,f.init,45,c:\work\pioner\f_kt_vib.sct,3
   0.000069,,f.init,44,c:\work\pioner\f_kt_vib.sct,3
   0.000046,,f.init,45,c:\work\pioner\f_kt_vib.sct,3
   0.000063,,f.init,44,c:\work\pioner\f_kt_vib.sct,3
   0.000035,,f.init,45,c:\work\pioner\f_kt_vib.sct,3
   0.000062,,f.init,44,c:\work\pioner\f_kt_vib.sct,3
   0.000053,,f.init,45,c:\work\pioner\f_kt_vib.sct,3
   0.000063,,f.init,44,c:\work\pioner\f_kt_vib.sct,3
   0.000035,,f.init,45,c:\work\pioner\f_kt_vib.sct,3
   0.000068,,f.init,44,c:\work\pioner\f_kt_vib.sct,3
   0.003907,,f.init,45,c:\work\pioner\f_kt_vib.sct,3
   0.000237,,f.init,44,c:\work\pioner\f_kt_vib.sct,3
   0.000042,,f.init,45,c:\work\pioner\f_kt_vib.sct,3
   0.000065,,f.init,44,c:\work\pioner\f_kt_vib.sct,3
   0.000035,,f.init,45,c:\work\pioner\f_kt_vib.sct,3
   0.000063,,f.init,44,c:\work\pioner\f_kt_vib.sct,3
   0.000035,,f.init,45,c:\work\pioner\f_kt_vib.sct,3
   0.000063,,f.init,44,c:\work\pioner\f_kt_vib.sct,3
   0.000035,,f.init,45,c:\work\pioner\f_kt_vib.sct,3
   0.000065,,f.init,44,c:\work\pioner\f_kt_vib.sct,3
   0.000041,,f.init,45,c:\work\pioner\f_kt_vib.sct,3
   0.000075,,f.init,44,c:\work\pioner\f_kt_vib.sct,3
   0.000035,,f.init,45,c:\work\pioner\f_kt_vib.sct,3
   0.000063,,f.init,44,c:\work\pioner\f_kt_vib.sct,3
   0.000035,,f.init,45,c:\work\pioner\f_kt_vib.sct,3
   0.000062,,f.init,44,c:\work\pioner\f_kt_vib.sct,3
   0.000035,,f.init,45,c:\work\pioner\f_kt_vib.sct,3
   0.000063,,f.init,44,c:\work\pioner\f_kt_vib.sct,3
   0.000035,,f.init,45,c:\work\pioner\f_kt_vib.sct,3
   0.000070,,f.init,44,c:\work\pioner\f_kt_vib.sct,3
   0.000046,,f.init,45,c:\work\pioner\f_kt_vib.sct,3
   0.000067,,f.init,44,c:\work\pioner\f_kt_vib.sct,3
   0.000035,,f.init,45,c:\work\pioner\f_kt_vib.sct,3
   0.000063,,f.init,44,c:\work\pioner\f_kt_vib.sct,3
   0.000035,,f.init,45,c:\work\pioner\f_kt_vib.sct,3
   0.000063,,f.init,44,c:\work\pioner\f_kt_vib.sct,3
   0.000035,,f.init,45,c:\work\pioner\f_kt_vib.sct,3
   0.000063,,f.init,44,c:\work\pioner\f_kt_vib.sct,3
   0.000035,,f.init,45,c:\work\pioner\f_kt_vib.sct,3
   0.000071,,f.init,44,c:\work\pioner\f_kt_vib.sct,3
   0.000046,,f.init,45,c:\work\pioner\f_kt_vib.sct,3
   0.000063,,f.init,44,c:\work\pioner\f_kt_vib.sct,3
   0.000035,,f.init,45,c:\work\pioner\f_kt_vib.sct,3
   0.000063,,f.init,44,c:\work\pioner\f_kt_vib.sct,3
   0.000035,,f.init,45,c:\work\pioner\f_kt_vib.sct,3
   0.000063,,f.init,44,c:\work\pioner\f_kt_vib.sct,3
   0.000035,,f.init,45,c:\work\pioner\f_kt_vib.sct,3
   0.000063,,f.init,44,c:\work\pioner\f_kt_vib.sct,3
   0.000040,,f.init,45,c:\work\pioner\f_kt_vib.sct,3
   0.000076,,f.init,44,c:\work\pioner\f_kt_vib.sct,3
   0.000035,,f.init,45,c:\work\pioner\f_kt_vib.sct,3
   0.000063,,f.init,44,c:\work\pioner\f_kt_vib.sct,3
   0.000035,,f.init,45,c:\work\pioner\f_kt_vib.sct,3
   0.000066,,f.init,44,c:\work\pioner\f_kt_vib.sct,3
   0.000035,,f.init,45,c:\work\pioner\f_kt_vib.sct,3
   0.000063,,f.init,44,c:\work\pioner\f_kt_vib.sct,3
   0.000035,,f.init,45,c:\work\pioner\f_kt_vib.sct,3
   0.000063,,f.init,44,c:\work\pioner\f_kt_vib.sct,3
   0.000041,,f.init,45,c:\work\pioner\f_kt_vib.sct,3
   0.000066,,f.init,44,c:\work\pioner\f_kt_vib.sct,3
   0.000035,,f.init,45,c:\work\pioner\f_kt_vib.sct,3
   0.000063,,f.init,44,c:\work\pioner\f_kt_vib.sct,3
   0.000035,,f.init,45,c:\work\pioner\f_kt_vib.sct,3
   0.000063,,f.init,44,c:\work\pioner\f_kt_vib.sct,3
   0.000035,,f.init,45,c:\work\pioner\f_kt_vib.sct,3
   0.000063,,f.init,44,c:\work\pioner\f_kt_vib.sct,3
   0.000035,,f.init,45,c:\work\pioner\f_kt_vib.sct,3
   0.000068,,f.init,44,c:\work\pioner\f_kt_vib.sct,3
   0.000046,,f.init,45,c:\work\pioner\f_kt_vib.sct,3
   0.000065,,f.init,44,c:\work\pioner\f_kt_vib.sct,3
   0.000035,,f.init,45,c:\work\pioner\f_kt_vib.sct,3
   0.000063,,f.init,44,c:\work\pioner\f_kt_vib.sct,3
   0.000035,,f.init,45,c:\work\pioner\f_kt_vib.sct,3
   0.000063,,f.init,44,c:\work\pioner\f_kt_vib.sct,3
   0.000035,,f.init,45,c:\work\pioner\f_kt_vib.sct,3
   0.000069,,f.init,44,c:\work\pioner\f_kt_vib.sct,3
   0.000036,,f.init,45,c:\work\pioner\f_kt_vib.sct,3
   0.000069,,f.init,44,c:\work\pioner\f_kt_vib.sct,3
   0.000036,,f.init,45,c:\work\pioner\f_kt_vib.sct,3
   0.000064,,f.init,44,c:\work\pioner\f_kt_vib.sct,3
   0.000035,,f.init,45,c:\work\pioner\f_kt_vib.sct,3
   0.000063,,f.init,44,c:\work\pioner\f_kt_vib.sct,3
   0.000035,,f.init,45,c:\work\pioner\f_kt_vib.sct,3
   0.000063,,f.init,44,c:\work\pioner\f_kt_vib.sct,3
   0.000035,,f.init,45,c:\work\pioner\f_kt_vib.sct,3
   0.000063,,f.init,44,c:\work\pioner\f_kt_vib.sct,3
   0.000056,,f.init,45,c:\work\pioner\f_kt_vib.sct,3
   0.000079,,f.init,44,c:\work\pioner\f_kt_vib.sct,3
   0.000038,,f.init,45,c:\work\pioner\f_kt_vib.sct,3
   0.000065,,f.init,44,c:\work\pioner\f_kt_vib.sct,3
   0.000035,,f.init,45,c:\work\pioner\f_kt_vib.sct,3
   0.000063,,f.init,44,c:\work\pioner\f_kt_vib.sct,3
   0.000035,,f.init,45,c:\work\pioner\f_kt_vib.sct,3
   0.000063,,f.init,44,c:\work\pioner\f_kt_vib.sct,3
   0.000035,,f.init,45,c:\work\pioner\f_kt_vib.sct,3
   0.000063,,f.init,44,c:\work\pioner\f_kt_vib.sct,3
   0.000041,,f.init,45,c:\work\pioner\f_kt_vib.sct,3
   0.000066,,f.init,44,c:\work\pioner\f_kt_vib.sct,3
   0.000035,,f.init,45,c:\work\pioner\f_kt_vib.sct,3
   0.000065,,f.init,44,c:\work\pioner\f_kt_vib.sct,3
   0.000035,,f.init,45,c:\work\pioner\f_kt_vib.sct,3
   0.000063,,f.init,44,c:\work\pioner\f_kt_vib.sct,3
   0.000035,,f.init,45,c:\work\pioner\f_kt_vib.sct,3
   0.000064,,f.init,44,c:\work\pioner\f_kt_vib.sct,3
   0.000035,,f.init,45,c:\work\pioner\f_kt_vib.sct,3
   0.000069,,f.init,44,c:\work\pioner\f_kt_vib.sct,3
   0.000047,,f.init,45,c:\work\pioner\f_kt_vib.sct,3
   0.000064,,f.init,44,c:\work\pioner\f_kt_vib.sct,3
   0.000035,,f.init,45,c:\work\pioner\f_kt_vib.sct,3
   0.000065,,f.init,44,c:\work\pioner\f_kt_vib.sct,3
   0.000035,,f.init,45,c:\work\pioner\f_kt_vib.sct,3
   0.000063,,f.init,44,c:\work\pioner\f_kt_vib.sct,3
   0.000035,,f.init,45,c:\work\pioner\f_kt_vib.sct,3
   0.000063,,f.init,44,c:\work\pioner\f_kt_vib.sct,3
   0.000035,,f.init,45,c:\work\pioner\f_kt_vib.sct,3
   0.000069,,f.init,44,c:\work\pioner\f_kt_vib.sct,3
   0.000037,,f.init,45,c:\work\pioner\f_kt_vib.sct,3
   0.000064,,f.init,44,c:\work\pioner\f_kt_vib.sct,3
   0.000035,,f.init,45,c:\work\pioner\f_kt_vib.sct,3
   0.000106,,f.init,44,c:\work\pioner\f_kt_vib.sct,3
   0.000039,,f.init,45,c:\work\pioner\f_kt_vib.sct,3
   0.000066,,f.init,44,c:\work\pioner\f_kt_vib.sct,3
   0.000036,,f.init,45,c:\work\pioner\f_kt_vib.sct,3
   0.000063,,f.init,44,c:\work\pioner\f_kt_vib.sct,3
   0.000040,,f.init,45,c:\work\pioner\f_kt_vib.sct,3
   0.000075,,f.init,44,c:\work\pioner\f_kt_vib.sct,3
   0.000035,,f.init,45,c:\work\pioner\f_kt_vib.sct,3
   0.000063,,f.init,44,c:\work\pioner\f_kt_vib.sct,3
   0.000035,,f.init,45,c:\work\pioner\f_kt_vib.sct,3
   0.000065,,f.init,44,c:\work\pioner\f_kt_vib.sct,3
   0.000035,,f.init,45,c:\work\pioner\f_kt_vib.sct,3
   0.000063,,f.init,44,c:\work\pioner\f_kt_vib.sct,3
   0.000035,,f.init,45,c:\work\pioner\f_kt_vib.sct,3
   0.000067,,f.init,44,c:\work\pioner\f_kt_vib.sct,3
   0.000041,,f.init,45,c:\work\pioner\f_kt_vib.sct,3
   0.000064,,f.init,44,c:\work\pioner\f_kt_vib.sct,3
   0.000035,,f.init,45,c:\work\pioner\f_kt_vib.sct,3
   0.000063,,f.init,44,c:\work\pioner\f_kt_vib.sct,3
   0.000035,,f.init,45,c:\work\pioner\f_kt_vib.sct,3
   0.000074,,f.init,44,c:\work\pioner\f_kt_vib.sct,3
   0.000035,,f.init,45,c:\work\pioner\f_kt_vib.sct,3
   0.000090,,f.init,44,c:\work\pioner\f_kt_vib.sct,3
   0.000036,,f.init,45,c:\work\pioner\f_kt_vib.sct,3
   0.000072,,f.init,44,c:\work\pioner\f_kt_vib.sct,3
   0.000061,,f.init,45,c:\work\pioner\f_kt_vib.sct,3
   0.000065,,f.init,44,c:\work\pioner\f_kt_vib.sct,3
   0.000035,,f.init,45,c:\work\pioner\f_kt_vib.sct,3
   0.000063,,f.init,44,c:\work\pioner\f_kt_vib.sct,3
   0.000035,,f.init,45,c:\work\pioner\f_kt_vib.sct,3
   0.000065,,f.init,44,c:\work\pioner\f_kt_vib.sct,3
   0.000035,,f.init,45,c:\work\pioner\f_kt_vib.sct,3
   0.000063,,f.init,44,c:\work\pioner\f_kt_vib.sct,3
   0.000035,,f.init,45,c:\work\pioner\f_kt_vib.sct,3
   0.000069,,f.init,44,c:\work\pioner\f_kt_vib.sct,3
   0.000035,,f.init,45,c:\work\pioner\f_kt_vib.sct,3
   0.000064,,f.init,44,c:\work\pioner\f_kt_vib.sct,3
   0.000035,,f.init,45,c:\work\pioner\f_kt_vib.sct,3
   0.000063,,f.init,44,c:\work\pioner\f_kt_vib.sct,3
   0.000035,,f.init,45,c:\work\pioner\f_kt_vib.sct,3
   0.000066,,f.init,44,c:\work\pioner\f_kt_vib.sct,3
   0.000035,,f.init,45,c:\work\pioner\f_kt_vib.sct,3
   0.000063,,f.init,44,c:\work\pioner\f_kt_vib.sct,3
   0.000250,,f.init,45,c:\work\pioner\f_kt_vib.sct,3
   0.000150,,f.init,44,c:\work\pioner\f_kt_vib.sct,3
   0.000041,,f.init,45,c:\work\pioner\f_kt_vib.sct,3
   0.000066,,f.init,44,c:\work\pioner\f_kt_vib.sct,3
   0.000035,,f.init,45,c:\work\pioner\f_kt_vib.sct,3
   0.000064,,f.init,44,c:\work\pioner\f_kt_vib.sct,3
   0.000035,,f.init,45,c:\work\pioner\f_kt_vib.sct,3
   0.000065,,f.init,44,c:\work\pioner\f_kt_vib.sct,3
   0.000035,,f.init,45,c:\work\pioner\f_kt_vib.sct,3
   0.000065,,f.init,44,c:\work\pioner\f_kt_vib.sct,3
   0.000041,,f.init,45,c:\work\pioner\f_kt_vib.sct,3
   0.000065,,f.init,44,c:\work\pioner\f_kt_vib.sct,3
   0.000035,,f.init,45,c:\work\pioner\f_kt_vib.sct,3
   0.000064,,f.init,44,c:\work\pioner\f_kt_vib.sct,3
   0.000038,,f.init,45,c:\work\pioner\f_kt_vib.sct,3
   0.000065,,f.init,44,c:\work\pioner\f_kt_vib.sct,3
   0.000035,,f.init,45,c:\work\pioner\f_kt_vib.sct,3
   0.000678,,f.init,44,c:\work\pioner\f_kt_vib.sct,3
   0.000046,,f.init,45,c:\work\pioner\f_kt_vib.sct,3
   0.000083,,f.init,44,c:\work\pioner\f_kt_vib.sct,3
   0.000047,,f.init,45,c:\work\pioner\f_kt_vib.sct,3
   0.000065,,f.init,44,c:\work\pioner\f_kt_vib.sct,3
   0.000035,,f.init,45,c:\work\pioner\f_kt_vib.sct,3
   0.000102,,f.init,44,c:\work\pioner\f_kt_vib.sct,3
   0.000037,,f.init,45,c:\work\pioner\f_kt_vib.sct,3
   0.000066,,f.init,44,c:\work\pioner\f_kt_vib.sct,3
   0.000036,,f.init,45,c:\work\pioner\f_kt_vib.sct,3
   0.000067,,f.init,44,c:\work\pioner\f_kt_vib.sct,3
   0.000041,,f.init,45,c:\work\pioner\f_kt_vib.sct,3
   0.000075,,f.init,44,c:\work\pioner\f_kt_vib.sct,3
   0.000035,,f.init,45,c:\work\pioner\f_kt_vib.sct,3
   0.000064,,f.init,44,c:\work\pioner\f_kt_vib.sct,3
   0.000035,,f.init,45,c:\work\pioner\f_kt_vib.sct,3
   0.000065,,f.init,44,c:\work\pioner\f_kt_vib.sct,3
   0.000035,,f.init,45,c:\work\pioner\f_kt_vib.sct,3
   0.000064,,f.init,44,c:\work\pioner\f_kt_vib.sct,3
   0.000035,,f.init,45,c:\work\pioner\f_kt_vib.sct,3
   0.000066,,f.init,44,c:\work\pioner\f_kt_vib.sct,3
   0.000041,,f.init,45,c:\work\pioner\f_kt_vib.sct,3
   0.000075,,f.init,44,c:\work\pioner\f_kt_vib.sct,3
   0.000035,,f.init,45,c:\work\pioner\f_kt_vib.sct,3
   0.000064,,f.init,44,c:\work\pioner\f_kt_vib.sct,3
   0.000035,,f.init,45,c:\work\pioner\f_kt_vib.sct,3
   0.000064,,f.init,44,c:\work\pioner\f_kt_vib.sct,3
   0.000035,,f.init,45,c:\work\pioner\f_kt_vib.sct,3
   0.000103,,f.init,44,c:\work\pioner\f_kt_vib.sct,3
   0.000038,,f.init,45,c:\work\pioner\f_kt_vib.sct,3
   0.000074,,f.init,44,c:\work\pioner\f_kt_vib.sct,3
   0.000047,,f.init,45,c:\work\pioner\f_kt_vib.sct,3
   0.000065,,f.init,44,c:\work\pioner\f_kt_vib.sct,3
   0.000036,,f.init,45,c:\work\pioner\f_kt_vib.sct,3
   0.000065,,f.init,44,c:\work\pioner\f_kt_vib.sct,3
   0.000036,,f.init,45,c:\work\pioner\f_kt_vib.sct,3
   0.000065,,f.init,44,c:\work\pioner\f_kt_vib.sct,3
   0.000036,,f.init,45,c:\work\pioner\f_kt_vib.sct,3
   0.000065,,f.init,44,c:\work\pioner\f_kt_vib.sct,3
   0.000036,,f.init,45,c:\work\pioner\f_kt_vib.sct,3
   0.000156,,f.init,44,c:\work\pioner\f_kt_vib.sct,3
   0.000051,,f.init,45,c:\work\pioner\f_kt_vib.sct,3
   0.000070,,f.init,44,c:\work\pioner\f_kt_vib.sct,3
   0.000035,,f.init,45,c:\work\pioner\f_kt_vib.sct,3
   0.000066,,f.init,44,c:\work\pioner\f_kt_vib.sct,3
   0.000035,,f.init,45,c:\work\pioner\f_kt_vib.sct,3
   0.000065,,f.init,44,c:\work\pioner\f_kt_vib.sct,3
   0.000036,,f.init,45,c:\work\pioner\f_kt_vib.sct,3
   0.000065,,f.init,44,c:\work\pioner\f_kt_vib.sct,3
   0.000041,,f.init,45,c:\work\pioner\f_kt_vib.sct,3
   0.000118,,f.init,44,c:\work\pioner\f_kt_vib.sct,3
   0.000038,,f.init,45,c:\work\pioner\f_kt_vib.sct,3
   0.000067,,f.init,44,c:\work\pioner\f_kt_vib.sct,3
   0.000035,,f.init,45,c:\work\pioner\f_kt_vib.sct,3
   0.000065,,f.init,44,c:\work\pioner\f_kt_vib.sct,3
   0.000035,,f.init,45,c:\work\pioner\f_kt_vib.sct,3
   0.000065,,f.init,44,c:\work\pioner\f_kt_vib.sct,3
   0.000035,,f.init,45,c:\work\pioner\f_kt_vib.sct,3
   0.000065,,f.init,44,c:\work\pioner\f_kt_vib.sct,3
   0.000061,,f.init,45,c:\work\pioner\f_kt_vib.sct,3
   0.000085,,f.init,44,c:\work\pioner\f_kt_vib.sct,3
   0.000039,,f.init,45,c:\work\pioner\f_kt_vib.sct,3
   0.000065,,f.init,44,c:\work\pioner\f_kt_vib.sct,3
   0.000035,,f.init,45,c:\work\pioner\f_kt_vib.sct,3
   0.000065,,f.init,44,c:\work\pioner\f_kt_vib.sct,3
   0.000035,,f.init,45,c:\work\pioner\f_kt_vib.sct,3
   0.000065,,f.init,44,c:\work\pioner\f_kt_vib.sct,3
   0.000035,,f.init,45,c:\work\pioner\f_kt_vib.sct,3
   0.000070,,f.init,44,c:\work\pioner\f_kt_vib.sct,3
   0.000046,,f.init,45,c:\work\pioner\f_kt_vib.sct,3
   0.000067,,f.init,44,c:\work\pioner\f_kt_vib.sct,3
   0.000035,,f.init,45,c:\work\pioner\f_kt_vib.sct,3
   0.000068,,f.init,44,c:\work\pioner\f_kt_vib.sct,3
   0.000035,,f.init,45,c:\work\pioner\f_kt_vib.sct,3
   0.000065,,f.init,44,c:\work\pioner\f_kt_vib.sct,3
   0.000035,,f.init,45,c:\work\pioner\f_kt_vib.sct,3
   0.000065,,f.init,44,c:\work\pioner\f_kt_vib.sct,3
   0.000035,,f.init,45,c:\work\pioner\f_kt_vib.sct,3
   0.000076,,f.init,44,c:\work\pioner\f_kt_vib.sct,3
   0.000047,,f.init,45,c:\work\pioner\f_kt_vib.sct,3
   0.000067,,f.init,44,c:\work\pioner\f_kt_vib.sct,3
   0.000035,,f.init,45,c:\work\pioner\f_kt_vib.sct,3
   0.000065,,f.init,44,c:\work\pioner\f_kt_vib.sct,3
   0.000035,,f.init,45,c:\work\pioner\f_kt_vib.sct,3
   0.000065,,f.init,44,c:\work\pioner\f_kt_vib.sct,3
   0.000035,,f.init,45,c:\work\pioner\f_kt_vib.sct,3
   0.000066,,f.init,44,c:\work\pioner\f_kt_vib.sct,3
   0.000041,,f.init,45,c:\work\pioner\f_kt_vib.sct,3
   0.000076,,f.init,44,c:\work\pioner\f_kt_vib.sct,3
   0.000035,,f.init,45,c:\work\pioner\f_kt_vib.sct,3
   0.000067,,f.init,44,c:\work\pioner\f_kt_vib.sct,3
   0.000035,,f.init,45,c:\work\pioner\f_kt_vib.sct,3
   0.000066,,f.init,44,c:\work\pioner\f_kt_vib.sct,3
   0.000036,,f.init,45,c:\work\pioner\f_kt_vib.sct,3
   0.000068,,f.init,44,c:\work\pioner\f_kt_vib.sct,3
   0.000036,,f.init,45,c:\work\pioner\f_kt_vib.sct,3
   0.000066,,f.init,44,c:\work\pioner\f_kt_vib.sct,3
   0.000044,,f.init,45,c:\work\pioner\f_kt_vib.sct,3
   0.000077,,f.init,44,c:\work\pioner\f_kt_vib.sct,3
   0.000036,,f.init,45,c:\work\pioner\f_kt_vib.sct,3
   0.000068,,f.init,44,c:\work\pioner\f_kt_vib.sct,3
   0.000035,,f.init,45,c:\work\pioner\f_kt_vib.sct,3
   0.000065,,f.init,44,c:\work\pioner\f_kt_vib.sct,3
   0.000035,,f.init,45,c:\work\pioner\f_kt_vib.sct,3
   0.000065,,f.init,44,c:\work\pioner\f_kt_vib.sct,3
   0.000035,,f.init,45,c:\work\pioner\f_kt_vib.sct,3
   0.000071,,f.init,44,c:\work\pioner\f_kt_vib.sct,3
   0.000047,,f.init,45,c:\work\pioner\f_kt_vib.sct,3
   0.000065,,f.init,44,c:\work\pioner\f_kt_vib.sct,3
   0.000035,,f.init,45,c:\work\pioner\f_kt_vib.sct,3
   0.000066,,f.init,44,c:\work\pioner\f_kt_vib.sct,3
   0.000035,,f.init,45,c:\work\pioner\f_kt_vib.sct,3
   0.000065,,f.init,44,c:\work\pioner\f_kt_vib.sct,3
   0.000035,,f.init,45,c:\work\pioner\f_kt_vib.sct,3
   0.000065,,f.init,44,c:\work\pioner\f_kt_vib.sct,3
   0.000035,,f.init,45,c:\work\pioner\f_kt_vib.sct,3
   0.000072,,f.init,44,c:\work\pioner\f_kt_vib.sct,3
   0.000047,,f.init,45,c:\work\pioner\f_kt_vib.sct,3
   0.000066,,f.init,44,c:\work\pioner\f_kt_vib.sct,3
   0.000035,,f.init,45,c:\work\pioner\f_kt_vib.sct,3
   0.000067,,f.init,44,c:\work\pioner\f_kt_vib.sct,3
   0.000035,,f.init,45,c:\work\pioner\f_kt_vib.sct,3
   0.000065,,f.init,44,c:\work\pioner\f_kt_vib.sct,3
   0.000035,,f.init,45,c:\work\pioner\f_kt_vib.sct,3
   0.000065,,f.init,44,c:\work\pioner\f_kt_vib.sct,3
   0.000040,,f.init,45,c:\work\pioner\f_kt_vib.sct,3
   0.000076,,f.init,44,c:\work\pioner\f_kt_vib.sct,3
   0.000035,,f.init,45,c:\work\pioner\f_kt_vib.sct,3
   0.000065,,f.init,44,c:\work\pioner\f_kt_vib.sct,3
   0.000035,,f.init,45,c:\work\pioner\f_kt_vib.sct,3
   0.000067,,f.init,44,c:\work\pioner\f_kt_vib.sct,3
   0.000035,,f.init,45,c:\work\pioner\f_kt_vib.sct,3
   0.000065,,f.init,44,c:\work\pioner\f_kt_vib.sct,3
   0.000035,,f.init,45,c:\work\pioner\f_kt_vib.sct,3
   0.000065,,f.init,44,c:\work\pioner\f_kt_vib.sct,3
   0.001007,,f.init,45,c:\work\pioner\f_kt_vib.sct,3
   0.000225,,f.init,44,c:\work\pioner\f_kt_vib.sct,3
   0.000059,,f.init,45,c:\work\pioner\f_kt_vib.sct,3
   0.000157,,f.init,44,c:\work\pioner\f_kt_vib.sct,3
   0.000051,,f.init,45,c:\work\pioner\f_kt_vib.sct,3
   0.000080,,f.init,44,c:\work\pioner\f_kt_vib.sct,3
   0.000036,,f.init,45,c:\work\pioner\f_kt_vib.sct,3
   0.000066,,f.init,44,c:\work\pioner\f_kt_vib.sct,3
   0.000036,,f.init,45,c:\work\pioner\f_kt_vib.sct,3
   0.000074,,f.init,44,c:\work\pioner\f_kt_vib.sct,3
   0.000048,,f.init,45,c:\work\pioner\f_kt_vib.sct,3
   0.000084,,f.init,44,c:\work\pioner\f_kt_vib.sct,3
   0.000036,,f.init,45,c:\work\pioner\f_kt_vib.sct,3
   0.000066,,f.init,44,c:\work\pioner\f_kt_vib.sct,3
   0.000035,,f.init,45,c:\work\pioner\f_kt_vib.sct,3
   0.000068,,f.init,44,c:\work\pioner\f_kt_vib.sct,3
   0.000035,,f.init,45,c:\work\pioner\f_kt_vib.sct,3
   0.000065,,f.init,44,c:\work\pioner\f_kt_vib.sct,3
   0.000035,,f.init,45,c:\work\pioner\f_kt_vib.sct,3
   0.000072,,f.init,44,c:\work\pioner\f_kt_vib.sct,3
   0.000037,,f.init,45,c:\work\pioner\f_kt_vib.sct,3
   0.000066,,f.init,44,c:\work\pioner\f_kt_vib.sct,3
   0.000035,,f.init,45,c:\work\pioner\f_kt_vib.sct,3
   0.000065,,f.init,44,c:\work\pioner\f_kt_vib.sct,3
   0.000035,,f.init,45,c:\work\pioner\f_kt_vib.sct,3
   0.000070,,f.init,44,c:\work\pioner\f_kt_vib.sct,3
   0.000036,,f.init,45,c:\work\pioner\f_kt_vib.sct,3
   0.000066,,f.init,44,c:\work\pioner\f_kt_vib.sct,3
   0.000041,,f.init,45,c:\work\pioner\f_kt_vib.sct,3
   0.000867,,f.init,44,c:\work\pioner\f_kt_vib.sct,3
   0.000038,,f.init,45,c:\work\pioner\f_kt_vib.sct,3
   0.000067,,f.init,44,c:\work\pioner\f_kt_vib.sct,3
   0.000035,,f.init,45,c:\work\pioner\f_kt_vib.sct,3
   0.000066,,f.init,44,c:\work\pioner\f_kt_vib.sct,3
   0.000036,,f.init,45,c:\work\pioner\f_kt_vib.sct,3
   0.000068,,f.init,44,c:\work\pioner\f_kt_vib.sct,3
   0.000035,,f.init,45,c:\work\pioner\f_kt_vib.sct,3
   0.000067,,f.init,44,c:\work\pioner\f_kt_vib.sct,3
   0.000042,,f.init,45,c:\work\pioner\f_kt_vib.sct,3
   0.000066,,f.init,44,c:\work\pioner\f_kt_vib.sct,3
   0.000036,,f.init,45,c:\work\pioner\f_kt_vib.sct,3
   0.000067,,f.init,44,c:\work\pioner\f_kt_vib.sct,3
   0.000036,,f.init,45,c:\work\pioner\f_kt_vib.sct,3
   0.000066,,f.init,44,c:\work\pioner\f_kt_vib.sct,3
   0.000036,,f.init,45,c:\work\pioner\f_kt_vib.sct,3
   0.000067,,f.init,44,c:\work\pioner\f_kt_vib.sct,3
   0.000036,,f.init,45,c:\work\pioner\f_kt_vib.sct,3
   0.000074,,f.init,44,c:\work\pioner\f_kt_vib.sct,3
   0.000047,,f.init,45,c:\work\pioner\f_kt_vib.sct,3
   0.000066,,f.init,44,c:\work\pioner\f_kt_vib.sct,3
   0.000035,,f.init,45,c:\work\pioner\f_kt_vib.sct,3
   0.000066,,f.init,44,c:\work\pioner\f_kt_vib.sct,3
   0.000062,,f.init,45,c:\work\pioner\f_kt_vib.sct,3
   0.000066,,f.init,44,c:\work\pioner\f_kt_vib.sct,3
   0.000035,,f.init,45,c:\work\pioner\f_kt_vib.sct,3
   0.000068,,f.init,44,c:\work\pioner\f_kt_vib.sct,3
   0.000035,,f.init,45,c:\work\pioner\f_kt_vib.sct,3
   0.000071,,f.init,44,c:\work\pioner\f_kt_vib.sct,3
   0.000036,,f.init,45,c:\work\pioner\f_kt_vib.sct,3
   0.000066,,f.init,44,c:\work\pioner\f_kt_vib.sct,3
   0.000035,,f.init,45,c:\work\pioner\f_kt_vib.sct,3
   0.000065,,f.init,44,c:\work\pioner\f_kt_vib.sct,3
   0.000035,,f.init,45,c:\work\pioner\f_kt_vib.sct,3
   0.000066,,f.init,44,c:\work\pioner\f_kt_vib.sct,3
   0.000039,,f.init,45,c:\work\pioner\f_kt_vib.sct,3
   0.000088,,f.init,44,c:\work\pioner\f_kt_vib.sct,3
   0.000042,,f.init,45,c:\work\pioner\f_kt_vib.sct,3
   0.000078,,f.init,44,c:\work\pioner\f_kt_vib.sct,3
   0.000036,,f.init,45,c:\work\pioner\f_kt_vib.sct,3
   0.000068,,f.init,44,c:\work\pioner\f_kt_vib.sct,3
   0.000036,,f.init,45,c:\work\pioner\f_kt_vib.sct,3
   0.000066,,f.init,44,c:\work\pioner\f_kt_vib.sct,3
   0.000036,,f.init,45,c:\work\pioner\f_kt_vib.sct,3
   0.000066,,f.init,44,c:\work\pioner\f_kt_vib.sct,3
   0.000038,,f.init,45,c:\work\pioner\f_kt_vib.sct,3
   0.000094,,f.init,46,c:\work\pioner\f_kt_vib.sct,3
   0.000091,,f.init,49,c:\work\pioner\f_kt_vib.sct,3
   0.005620,,f.init,50,c:\work\pioner\f_kt_vib.sct,3
   0.001305,,f.init,51,c:\work\pioner\f_kt_vib.sct,3
   0.000053,,f.txtizd.valid,1,c:\work\pioner\f_kt_vib.sct,4
   0.000056,,f.txtizd.valid,3,c:\work\pioner\f_kt_vib.sct,4
   0.000043,,f.txtizd.valid,5,c:\work\pioner\f_kt_vib.sct,4
   0.000190,,f.txtizd.valid,6,c:\work\pioner\f_kt_vib.sct,4
   0.000045,,f.txtizd.valid,7,c:\work\pioner\f_kt_vib.sct,4
   0.000051,,f.txtizd.valid,22,c:\work\pioner\f_kt_vib.sct,4
   0.000519,,f.txtizd.valid,26,c:\work\pioner\f_kt_vib.sct,4
   0.000050,,f.txtizd.valid,27,c:\work\pioner\f_kt_vib.sct,4
   0.000154,,f.init,54,c:\work\pioner\f_kt_vib.sct,3
   0.000158,,f.init,55,c:\work\pioner\f_kt_vib.sct,3
   0.000115,,f.init,56,c:\work\pioner\f_kt_vib.sct,3
   0.000079,,f.init,57,c:\work\pioner\f_kt_vib.sct,3
   0.000069,,f.init,58,c:\work\pioner\f_kt_vib.sct,3
   1.114028,,f.init,60,c:\work\pioner\f_kt_vib.sct,3
   0.000325,,f.init,16,c:\work\pioner\f_kt_vvod.sct,4
   0.000068,,f.init,17,c:\work\pioner\f_kt_vvod.sct,4
   0.000052,,f.init,19,c:\work\pioner\f_kt_vvod.sct,4
   0.000042,,f.init,24,c:\work\pioner\f_kt_vvod.sct,4
   0.000041,,f.init,30,c:\work\pioner\f_kt_vvod.sct,4
   0.000134,,f.init,36,c:\work\pioner\f_kt_vvod.sct,4
   0.000078,,f.init,37,c:\work\pioner\f_kt_vvod.sct,4
   0.000076,,f.init,38,c:\work\pioner\f_kt_vvod.sct,4
   0.000073,,f.init,39,c:\work\pioner\f_kt_vvod.sct,4
   0.000037,,f.init,40,c:\work\pioner\f_kt_vvod.sct,4
   0.000040,,f.init,41,c:\work\pioner\f_kt_vvod.sct,4
   0.007974,,f.init,43,c:\work\pioner\f_kt_vvod.sct,4
   0.000185,,f.m_test_new_mode,4,c:\work\pioner\f_kt_vvod.sct,5
   0.000107,,f.m_test_new_mode,6,c:\work\pioner\f_kt_vvod.sct,5
   0.000062,,f.m_test_new_mode,7,c:\work\pioner\f_kt_vvod.sct,5
   0.000061,,f.m_test_new_mode,8,c:\work\pioner\f_kt_vvod.sct,5
   0.000103,,f.m_test_new_mode,9,c:\work\pioner\f_kt_vvod.sct,5
   0.000072,,f.m_test_new_mode,10,c:\work\pioner\f_kt_vvod.sct,5
   0.000072,,f.m_test_new_mode,11,c:\work\pioner\f_kt_vvod.sct,5
   0.000070,,f.m_test_new_mode,12,c:\work\pioner\f_kt_vvod.sct,5
   0.000058,,f.m_test_new_mode,14,c:\work\pioner\f_kt_vvod.sct,5
   0.000052,,f.m_test_new_mode,15,c:\work\pioner\f_kt_vvod.sct,5
   0.000082,,f.m_test_new_mode,16,c:\work\pioner\f_kt_vvod.sct,5
   0.000061,,f.m_test_new_mode,17,c:\work\pioner\f_kt_vvod.sct,5
   0.000052,,f.m_test_new_mode,18,c:\work\pioner\f_kt_vvod.sct,5
   0.000052,,f.m_test_new_mode,19,c:\work\pioner\f_kt_vvod.sct,5
   0.000058,,f.m_test_new_mode,20,c:\work\pioner\f_kt_vvod.sct,5
   0.000053,,f.m_test_new_mode,21,c:\work\pioner\f_kt_vvod.sct,5
   0.000053,,f.m_test_new_mode,22,c:\work\pioner\f_kt_vvod.sct,5
   0.000052,,f.m_test_new_mode,23,c:\work\pioner\f_kt_vvod.sct,5
   0.000053,,f.m_test_new_mode,24,c:\work\pioner\f_kt_vvod.sct,5
   0.000067,,f.m_test_new_mode,25,c:\work\pioner\f_kt_vvod.sct,5
   0.000054,,f.m_test_new_mode,26,c:\work\pioner\f_kt_vvod.sct,5
   0.000057,,f.m_test_new_mode,27,c:\work\pioner\f_kt_vvod.sct,5
   0.000063,,f.m_test_new_mode,28,c:\work\pioner\f_kt_vvod.sct,5
   0.000052,,f.m_test_new_mode,29,c:\work\pioner\f_kt_vvod.sct,5
   0.000053,,f.m_test_new_mode,30,c:\work\pioner\f_kt_vvod.sct,5
   0.000057,,f.m_test_new_mode,31,c:\work\pioner\f_kt_vvod.sct,5
   0.000055,,f.m_test_new_mode,32,c:\work\pioner\f_kt_vvod.sct,5
   0.000055,,f.m_test_new_mode,33,c:\work\pioner\f_kt_vvod.sct,5
   0.000054,,f.m_test_new_mode,34,c:\work\pioner\f_kt_vvod.sct,5
   0.000059,,f.m_test_new_mode,35,c:\work\pioner\f_kt_vvod.sct,5
   0.000183,,f.m_test_new_mode,36,c:\work\pioner\f_kt_vvod.sct,5
   0.000037,,f.m_test_new_mode,37,c:\work\pioner\f_kt_vvod.sct,5
   0.000046,,f.m_test_new_mode,38,c:\work\pioner\f_kt_vvod.sct,5
   0.000062,,f.m_test_new_mode,39,c:\work\pioner\f_kt_vvod.sct,5
   0.000054,,f.m_test_new_mode,40,c:\work\pioner\f_kt_vvod.sct,5
   0.000053,,f.m_test_new_mode,41,c:\work\pioner\f_kt_vvod.sct,5
   0.000053,,f.m_test_new_mode,42,c:\work\pioner\f_kt_vvod.sct,5
   0.000541,,f.m_test_new_mode,43,c:\work\pioner\f_kt_vvod.sct,5
   0.000078,,f.m_test_new_mode,44,c:\work\pioner\f_kt_vvod.sct,5
   0.000059,,f.m_test_new_mode,45,c:\work\pioner\f_kt_vvod.sct,5
   0.000053,,f.m_test_new_mode,46,c:\work\pioner\f_kt_vvod.sct,5
   0.000054,,f.m_test_new_mode,47,c:\work\pioner\f_kt_vvod.sct,5
   0.000053,,f.m_test_new_mode,48,c:\work\pioner\f_kt_vvod.sct,5
   0.000054,,f.m_test_new_mode,49,c:\work\pioner\f_kt_vvod.sct,5
   0.000054,,f.m_test_new_mode,50,c:\work\pioner\f_kt_vvod.sct,5
   0.000059,,f.m_test_new_mode,51,c:\work\pioner\f_kt_vvod.sct,5
   0.000054,,f.m_test_new_mode,52,c:\work\pioner\f_kt_vvod.sct,5
   0.000059,,f.m_test_new_mode,53,c:\work\pioner\f_kt_vvod.sct,5
   0.000059,,f.m_test_new_mode,54,c:\work\pioner\f_kt_vvod.sct,5
   0.000062,,f.m_test_new_mode,55,c:\work\pioner\f_kt_vvod.sct,5
   0.000060,,f.m_test_new_mode,56,c:\work\pioner\f_kt_vvod.sct,5
   0.000060,,f.m_test_new_mode,57,c:\work\pioner\f_kt_vvod.sct,5
   0.000065,,f.m_test_new_mode,58,c:\work\pioner\f_kt_vvod.sct,5
   0.000070,,f.m_test_new_mode,59,c:\work\pioner\f_kt_vvod.sct,5
   0.000060,,f.m_test_new_mode,60,c:\work\pioner\f_kt_vvod.sct,5
   0.000059,,f.m_test_new_mode,61,c:\work\pioner\f_kt_vvod.sct,5
   0.000060,,f.m_test_new_mode,62,c:\work\pioner\f_kt_vvod.sct,5
   0.000055,,f.m_test_new_mode,63,c:\work\pioner\f_kt_vvod.sct,5
   0.000051,,f.m_test_new_mode,64,c:\work\pioner\f_kt_vvod.sct,5
   0.000054,,f.m_test_new_mode,65,c:\work\pioner\f_kt_vvod.sct,5
   0.000059,,f.m_test_new_mode,66,c:\work\pioner\f_kt_vvod.sct,5
   0.000080,,f.m_test_new_mode,67,c:\work\pioner\f_kt_vvod.sct,5
   0.000057,,f.m_test_new_mode,68,c:\work\pioner\f_kt_vvod.sct,5
   0.000057,,f.m_test_new_mode,69,c:\work\pioner\f_kt_vvod.sct,5
   0.000056,,f.m_test_new_mode,70,c:\work\pioner\f_kt_vvod.sct,5
   0.000056,,f.m_test_new_mode,71,c:\work\pioner\f_kt_vvod.sct,5
   0.000059,,f.m_test_new_mode,73,c:\work\pioner\f_kt_vvod.sct,5
   0.000055,,f.m_test_new_mode,74,c:\work\pioner\f_kt_vvod.sct,5
   0.000082,,f.m_test_new_mode,75,c:\work\pioner\f_kt_vvod.sct,5
   0.000067,,f.m_test_new_mode,76,c:\work\pioner\f_kt_vvod.sct,5
   0.000056,,f.m_test_new_mode,77,c:\work\pioner\f_kt_vvod.sct,5
   0.000052,,f.m_test_new_mode,78,c:\work\pioner\f_kt_vvod.sct,5
   0.000062,,f.m_test_new_mode,79,c:\work\pioner\f_kt_vvod.sct,5
   0.000060,,f.m_test_new_mode,80,c:\work\pioner\f_kt_vvod.sct,5
   0.000178,,f.m_test_new_mode,82,c:\work\pioner\f_kt_vvod.sct,5
   0.000064,,f.m_test_new_mode,83,c:\work\pioner\f_kt_vvod.sct,5
   0.000042,,f.m_test_new_mode,84,c:\work\pioner\f_kt_vvod.sct,5
   0.000046,,f.m_test_new_mode,85,c:\work\pioner\f_kt_vvod.sct,5
   0.000133,,f.m_test_new_mode,86,c:\work\pioner\f_kt_vvod.sct,5
   0.000056,,f.m_test_new_mode,87,c:\work\pioner\f_kt_vvod.sct,5
   0.000053,,f.m_test_new_mode,88,c:\work\pioner\f_kt_vvod.sct,5
   0.000053,,f.m_test_new_mode,89,c:\work\pioner\f_kt_vvod.sct,5
   0.000036,,f.m_test_new_mode,90,c:\work\pioner\f_kt_vvod.sct,5
   0.000040,,f.m_test_new_mode,91,c:\work\pioner\f_kt_vvod.sct,5
   0.000557,,f.init,44,c:\work\pioner\f_kt_vvod.sct,4
   0.000057,,f.m_init_fields,1,c:\work\pioner\f_kt_vvod.sct,5
   0.000050,,f.m_init_fields,4,c:\work\pioner\f_kt_vvod.sct,5
   0.000050,,f.m_init_fields,31,c:\work\pioner\f_kt_vvod.sct,5
   0.000042,,f.m_init_fields,88,c:\work\pioner\f_kt_vvod.sct,5
   0.033265,,f.init,45,c:\work\pioner\f_kt_vvod.sct,4
   0.000045,,f.m_test_zamena,1,c:\work\pioner\f_kt_vvod.sct,5
   0.000171,,f.m_test_zamena,3,c:\work\pioner\f_kt_vvod.sct,5
   0.000242,,f.m_test_zamena,5,c:\work\pioner\f_kt_vvod.sct,5
   0.031229,,f.m_test_zamena,9,c:\work\pioner\f_kt_vvod.sct,5
   0.000079,,f.m_test_zamena,10,c:\work\pioner\f_kt_vvod.sct,5
   0.000177,,f.m_test_zamena,13,c:\work\pioner\f_kt_vvod.sct,5
   0.000035,,f.m_test_zamena,14,c:\work\pioner\f_kt_vvod.sct,5
   0.000066,,f.m_test_zamena,15,c:\work\pioner\f_kt_vvod.sct,5
   0.000066,,f.m_test_zamena,16,c:\work\pioner\f_kt_vvod.sct,5
   0.000043,,f.m_test_zamena,18,c:\work\pioner\f_kt_vvod.sct,5
   0.000145,,f.m_test_zamena,27,c:\work\pioner\f_kt_vvod.sct,5
   0.000090,,f.m_test_zamena,28,c:\work\pioner\f_kt_vvod.sct,5
   0.000063,,f.m_test_zamena,29,c:\work\pioner\f_kt_vvod.sct,5
   0.000066,,f.m_test_zamena,30,c:\work\pioner\f_kt_vvod.sct,5
   0.000060,,f.m_test_zamena,31,c:\work\pioner\f_kt_vvod.sct,5
   0.000067,,f.m_test_zamena,32,c:\work\pioner\f_kt_vvod.sct,5
   0.000062,,f.m_test_zamena,33,c:\work\pioner\f_kt_vvod.sct,5
   0.000034,,f.m_test_zamena,34,c:\work\pioner\f_kt_vvod.sct,5
   0.000689,,f.init,46,c:\work\pioner\f_kt_vvod.sct,4
   0.000228,,f.m_test_prior,4,c:\work\pioner\f_kt_vvod.sct,5
   0.000108,,f.m_test_prior,8,c:\work\pioner\f_kt_vvod.sct,5
   0.000081,,f.m_test_prior,9,c:\work\pioner\f_kt_vvod.sct,5
   0.000035,,f.m_test_prior,10,c:\work\pioner\f_kt_vvod.sct,5
   0.007619,,f.init,47,c:\work\pioner\f_kt_vvod.sct,4
   0.000051,,f.m_fill_mar,2,c:\work\pioner\f_kt_vvod.sct,5
   0.000165,,f.m_fill_mar,5,c:\work\pioner\f_kt_vvod.sct,5
   0.000049,,f.m_fill_mar,6,c:\work\pioner\f_kt_vvod.sct,5
   0.000071,,f.m_fill_mar,15,c:\work\pioner\f_kt_vvod.sct,5
   0.000034,,f.m_fill_mar,16,c:\work\pioner\f_kt_vvod.sct,5
   0.000122,,f.m_fill_mar,19,c:\work\pioner\f_kt_vvod.sct,5
   0.000039,,f.m_fill_mar,20,c:\work\pioner\f_kt_vvod.sct,5
   0.000061,,f.m_fill_mar,29,c:\work\pioner\f_kt_vvod.sct,5
   0.000034,,f.m_fill_mar,30,c:\work\pioner\f_kt_vvod.sct,5
   0.000121,,f.m_fill_mar,33,c:\work\pioner\f_kt_vvod.sct,5
   0.000039,,f.m_fill_mar,34,c:\work\pioner\f_kt_vvod.sct,5
   0.000065,,f.m_fill_mar,43,c:\work\pioner\f_kt_vvod.sct,5
   0.000045,,f.m_fill_mar,44,c:\work\pioner\f_kt_vvod.sct,5
   0.000120,,f.m_fill_mar,47,c:\work\pioner\f_kt_vvod.sct,5
   0.000039,,f.m_fill_mar,48,c:\work\pioner\f_kt_vvod.sct,5
   0.000058,,f.m_fill_mar,57,c:\work\pioner\f_kt_vvod.sct,5
   0.000035,,f.m_fill_mar,58,c:\work\pioner\f_kt_vvod.sct,5
   0.000122,,f.m_fill_mar,61,c:\work\pioner\f_kt_vvod.sct,5
   0.000040,,f.m_fill_mar,62,c:\work\pioner\f_kt_vvod.sct,5
   0.000065,,f.m_fill_mar,71,c:\work\pioner\f_kt_vvod.sct,5
   0.000045,,f.m_fill_mar,72,c:\work\pioner\f_kt_vvod.sct,5
   0.000124,,f.m_fill_mar,75,c:\work\pioner\f_kt_vvod.sct,5
   0.000041,,f.m_fill_mar,76,c:\work\pioner\f_kt_vvod.sct,5
   0.000061,,f.m_fill_mar,85,c:\work\pioner\f_kt_vvod.sct,5
   0.000036,,f.m_fill_mar,86,c:\work\pioner\f_kt_vvod.sct,5
   0.000121,,f.m_fill_mar,89,c:\work\pioner\f_kt_vvod.sct,5
   0.000041,,f.m_fill_mar,90,c:\work\pioner\f_kt_vvod.sct,5
   0.000060,,f.m_fill_mar,99,c:\work\pioner\f_kt_vvod.sct,5
   0.000041,,f.m_fill_mar,100,c:\work\pioner\f_kt_vvod.sct,5
   0.000127,,f.m_fill_mar,103,c:\work\pioner\f_kt_vvod.sct,5
   0.000041,,f.m_fill_mar,104,c:\work\pioner\f_kt_vvod.sct,5
   0.000060,,f.m_fill_mar,113,c:\work\pioner\f_kt_vvod.sct,5
   0.000036,,f.m_fill_mar,114,c:\work\pioner\f_kt_vvod.sct,5
   0.000123,,f.m_fill_mar,117,c:\work\pioner\f_kt_vvod.sct,5
   0.000042,,f.m_fill_mar,118,c:\work\pioner\f_kt_vvod.sct,5
   0.000063,,f.m_fill_mar,127,c:\work\pioner\f_kt_vvod.sct,5
   0.000046,,f.m_fill_mar,128,c:\work\pioner\f_kt_vvod.sct,5
   0.000135,,f.m_fill_mar,131,c:\work\pioner\f_kt_vvod.sct,5
   0.000042,,f.m_fill_mar,132,c:\work\pioner\f_kt_vvod.sct,5
   0.000061,,f.m_fill_mar,141,c:\work\pioner\f_kt_vvod.sct,5
   0.000037,,f.m_fill_mar,142,c:\work\pioner\f_kt_vvod.sct,5
   0.000116,,f.m_fill_mar,145,c:\work\pioner\f_kt_vvod.sct,5
   0.000042,,f.m_fill_mar,146,c:\work\pioner\f_kt_vvod.sct,5
   0.000057,,f.m_fill_mar,155,c:\work\pioner\f_kt_vvod.sct,5
   0.000043,,f.m_fill_mar,156,c:\work\pioner\f_kt_vvod.sct,5
   0.000162,,f.m_fill_mar,159,c:\work\pioner\f_kt_vvod.sct,5
   0.000044,,f.m_fill_mar,160,c:\work\pioner\f_kt_vvod.sct,5
   0.000059,,f.m_fill_mar,169,c:\work\pioner\f_kt_vvod.sct,5
   0.000038,,f.m_fill_mar,170,c:\work\pioner\f_kt_vvod.sct,5
   0.000120,,f.m_fill_mar,173,c:\work\pioner\f_kt_vvod.sct,5
   0.000043,,f.m_fill_mar,174,c:\work\pioner\f_kt_vvod.sct,5
   0.000058,,f.m_fill_mar,183,c:\work\pioner\f_kt_vvod.sct,5
   0.000303,,f.m_fill_mar,184,c:\work\pioner\f_kt_vvod.sct,5
   0.000165,,f.m_fill_mar,187,c:\work\pioner\f_kt_vvod.sct,5
   0.000049,,f.m_fill_mar,188,c:\work\pioner\f_kt_vvod.sct,5
   0.000061,,f.m_fill_mar,197,c:\work\pioner\f_kt_vvod.sct,5
   0.000039,,f.m_fill_mar,198,c:\work\pioner\f_kt_vvod.sct,5
   0.000118,,f.m_fill_mar,201,c:\work\pioner\f_kt_vvod.sct,5
   0.000044,,f.m_fill_mar,202,c:\work\pioner\f_kt_vvod.sct,5
   0.000060,,f.m_fill_mar,211,c:\work\pioner\f_kt_vvod.sct,5
   0.000039,,f.m_fill_mar,212,c:\work\pioner\f_kt_vvod.sct,5
   0.000124,,f.m_fill_mar,215,c:\work\pioner\f_kt_vvod.sct,5
   0.000045,,f.m_fill_mar,216,c:\work\pioner\f_kt_vvod.sct,5
   0.000059,,f.m_fill_mar,225,c:\work\pioner\f_kt_vvod.sct,5
   0.000039,,f.m_fill_mar,226,c:\work\pioner\f_kt_vvod.sct,5
   0.000117,,f.m_fill_mar,229,c:\work\pioner\f_kt_vvod.sct,5
   0.000044,,f.m_fill_mar,230,c:\work\pioner\f_kt_vvod.sct,5
   0.000059,,f.m_fill_mar,239,c:\work\pioner\f_kt_vvod.sct,5
   0.000040,,f.m_fill_mar,240,c:\work\pioner\f_kt_vvod.sct,5
   0.000124,,f.m_fill_mar,243,c:\work\pioner\f_kt_vvod.sct,5
   0.000055,,f.m_fill_mar,244,c:\work\pioner\f_kt_vvod.sct,5
   0.000059,,f.m_fill_mar,253,c:\work\pioner\f_kt_vvod.sct,5
   0.000040,,f.m_fill_mar,254,c:\work\pioner\f_kt_vvod.sct,5
   0.000118,,f.m_fill_mar,257,c:\work\pioner\f_kt_vvod.sct,5
   0.000045,,f.m_fill_mar,258,c:\work\pioner\f_kt_vvod.sct,5
   0.000059,,f.m_fill_mar,267,c:\work\pioner\f_kt_vvod.sct,5
   0.000040,,f.m_fill_mar,268,c:\work\pioner\f_kt_vvod.sct,5
   0.000122,,f.m_fill_mar,271,c:\work\pioner\f_kt_vvod.sct,5
   0.000055,,f.m_fill_mar,272,c:\work\pioner\f_kt_vvod.sct,5
   0.000060,,f.m_fill_mar,281,c:\work\pioner\f_kt_vvod.sct,5
   0.000041,,f.m_fill_mar,282,c:\work\pioner\f_kt_vvod.sct,5
   0.001223,,f.init,48,c:\work\pioner\f_kt_vvod.sct,4
   0.000097,,f.m_test_user,1,c:\work\pioner\f_kt_vvod.sct,5
   0.000120,,f.m_test_user,5,c:\work\pioner\f_kt_vvod.sct,5
   0.000068,,f.m_test_user,6,c:\work\pioner\f_kt_vvod.sct,5
   0.000035,,f.m_test_user,7,c:\work\pioner\f_kt_vvod.sct,5
   0.000129,,f.init,61,c:\work\pioner\f_kt_vib.sct,3
   1.727842,,f.init,63,c:\work\pioner\f_kt_vib.sct,3
   0.028368,,f.grid.afterrowcolchange,3,c:\work\pioner\f_kt_vib.sct,4
   0.000144,,f.unload,2,c:\work\pioner\f_kt_vib.sct,3
   0.000050,,f.unload,3,c:\work\pioner\f_kt_vib.sct,3
   0.000046,,f.unload,4,c:\work\pioner\f_kt_vib.sct,3
   0.000047,,f.unload,5,c:\work\pioner\f_kt_vib.sct,3
   0.010711,,f.unload,7,c:\work\pioner\f_kt_vib.sct,3
   7.601671,cl_main_toolbar,cl_main_toolbar.command6.click,1,c:\work\pioner\main_toolbar.vct,1
   0.000242,,f.de.c_te.init,1,c:\work\pioner\f_te_vib.sct,2
   0.000355,,f.de.init,1,c:\work\pioner\f_te_vib.sct,2
   0.000275,,f.init,2,c:\work\pioner\f_te_vib.sct,2
   0.000045,,f.init,3,c:\work\pioner\f_te_vib.sct,2
   0.000033,,f.init,4,c:\work\pioner\f_te_vib.sct,2
   3.493959,,f.init,7,c:\work\pioner\f_te_vib.sct,2
   0.000265,,f.load,1,c:\work\pioner\f_te_vvod.sct,3
   0.217043,,f.init,6,c:\work\pioner\f_te_vvod.sct,3
   0.000531,,f.init,7,c:\work\pioner\f_te_vvod.sct,3
   0.000065,,f.init,8,c:\work\pioner\f_te_vvod.sct,3
   0.000706,,f.init,13,c:\work\pioner\f_te_vvod.sct,3
   0.000589,,f.init,14,c:\work\pioner\f_te_vvod.sct,3
   0.000056,,f.init,16,c:\work\pioner\f_te_vvod.sct,3
   0.000138,,f.init,21,c:\work\pioner\f_te_vvod.sct,3
   0.000108,,f.init,24,c:\work\pioner\f_te_vvod.sct,3
   0.000116,,f.init,28,c:\work\pioner\f_te_vvod.sct,3
   0.000046,,f.init,34,c:\work\pioner\f_te_vvod.sct,3
   0.000049,,f.init,41,c:\work\pioner\f_te_vvod.sct,3
   0.000057,,f.init,45,c:\work\pioner\f_te_vvod.sct,3
   0.000047,,f.init,46,c:\work\pioner\f_te_vvod.sct,3
   0.000034,,f.init,47,c:\work\pioner\f_te_vvod.sct,3
           ,,f.init,50,c:\work\pioner\f_te_vvod.sct,3
           ,,f.init,51,c:\work\pioner\f_te_vvod.sct,3
           ,,f.init,61,c:\work\pioner\f_te_vvod.sct,3
           ,,f.init,64,c:\work\pioner\f_te_vvod.sct,3
   0.000178,,f.init,66,c:\work\pioner\f_te_vvod.sct,3
   0.000055,,f.init,67,c:\work\pioner\f_te_vvod.sct,3
   0.003625,,f.init,68,c:\work\pioner\f_te_vvod.sct,3
   0.000204,,f.m_select_state,5,c:\work\pioner\f_te_vvod.sct,4
   0.000077,,f.m_select_state,7,c:\work\pioner\f_te_vvod.sct,4
   0.000098,,f.m_select_state,8,c:\work\pioner\f_te_vvod.sct,4
   0.000061,,f.m_select_state,9,c:\work\pioner\f_te_vvod.sct,4
   0.000065,,f.m_select_state,11,c:\work\pioner\f_te_vvod.sct,4
   0.000054,,f.m_select_state,12,c:\work\pioner\f_te_vvod.sct,4
   0.000052,,f.m_select_state,17,c:\work\pioner\f_te_vvod.sct,4
   0.000066,,f.m_select_state,18,c:\work\pioner\f_te_vvod.sct,4
   0.000064,,f.m_select_state,19,c:\work\pioner\f_te_vvod.sct,4
   0.000068,,f.m_select_state,21,c:\work\pioner\f_te_vvod.sct,4
   0.000053,,f.m_select_state,22,c:\work\pioner\f_te_vvod.sct,4
   0.000053,,f.m_select_state,23,c:\work\pioner\f_te_vvod.sct,4
   0.000053,,f.m_select_state,24,c:\work\pioner\f_te_vvod.sct,4
   0.000052,,f.m_select_state,25,c:\work\pioner\f_te_vvod.sct,4
   0.000052,,f.m_select_state,26,c:\work\pioner\f_te_vvod.sct,4
   0.000057,,f.m_select_state,27,c:\work\pioner\f_te_vvod.sct,4
   0.000072,,f.m_select_state,29,c:\work\pioner\f_te_vvod.sct,4
   0.000057,,f.m_select_state,31,c:\work\pioner\f_te_vvod.sct,4
   0.000050,,f.m_select_state,32,c:\work\pioner\f_te_vvod.sct,4
   0.000059,,f.m_select_state,33,c:\work\pioner\f_te_vvod.sct,4
   0.001167,,f.m_select_state,55,c:\work\pioner\f_te_vvod.sct,4
   0.000147,,f.m_select_state,57,c:\work\pioner\f_te_vvod.sct,4
   0.000060,,f.m_select_state,58,c:\work\pioner\f_te_vvod.sct,4
   0.000041,,f.m_select_state,59,c:\work\pioner\f_te_vvod.sct,4
   0.000052,,f.m_select_state,62,c:\work\pioner\f_te_vvod.sct,4
   0.000040,,f.m_select_state,120,c:\work\pioner\f_te_vvod.sct,4
   0.836250,,f.init,69,c:\work\pioner\f_te_vvod.sct,3
   0.000084,,f.init,70,c:\work\pioner\f_te_vvod.sct,3
   0.000141,,f.init,9,c:\work\pioner\f_te_vib.sct,2
   0.000049,,f.init,10,c:\work\pioner\f_te_vib.sct,2
   0.000036,,f.init,24,c:\work\pioner\f_te_vib.sct,2
   0.000632,,f.init,27,c:\work\pioner\f_te_vib.sct,2
   0.000444,,f.init,28,c:\work\pioner\f_te_vib.sct,2
   0.025564,,f.init,31,c:\work\pioner\f_te_vib.sct,2
   0.000098,,f.init,32,c:\work\pioner\f_te_vib.sct,2
   0.010125,,f.init,33,c:\work\pioner\f_te_vib.sct,2
   0.009067,,f.init,34,c:\work\pioner\f_te_vib.sct,2
   0.000210,,f.init,37,c:\work\pioner\f_te_vib.sct,2
   0.000083,,f.init,38,c:\work\pioner\f_te_vib.sct,2
   0.000060,,f.init,39,c:\work\pioner\f_te_vib.sct,2
   0.000082,,f.init,40,c:\work\pioner\f_te_vib.sct,2
   0.000072,,f.init,41,c:\work\pioner\f_te_vib.sct,2
   0.000142,,f.init,42,c:\work\pioner\f_te_vib.sct,2
   0.000103,,f.init,43,c:\work\pioner\f_te_vib.sct,2
   0.001477,,f.init,46,c:\work\pioner\f_te_vib.sct,2
   0.000097,,f.m_set_index,7,c:\work\pioner\f_te_vib.sct,3
   0.000059,,f.m_set_index,8,c:\work\pioner\f_te_vib.sct,3
           ,,f.m_set_index,10,c:\work\pioner\f_te_vib.sct,3
   0.000061,,f.m_set_index,11,c:\work\pioner\f_te_vib.sct,3
   0.000037,,f.m_set_index,12,c:\work\pioner\f_te_vib.sct,3
   0.000178,,f.m_set_index,13,c:\work\pioner\f_te_vib.sct,3
   0.000075,,f.m_set_index,14,c:\work\pioner\f_te_vib.sct,3
           ,,f.m_set_index,15,c:\work\pioner\f_te_vib.sct,3
   0.000049,,f.m_set_index,19,c:\work\pioner\f_te_vib.sct,3
   0.000535,,f.m_set_index,21,c:\work\pioner\f_te_vib.sct,3
   0.006609,,f.init,48,c:\work\pioner\f_te_vib.sct,2
   0.033337,,f.unload,2,c:\work\pioner\f_te_vib.sct,1
   0.011264,,f.unload,3,c:\work\pioner\f_kt_vvod.sct,1
   0.000085,,f.unload,4,c:\work\pioner\f_kt_vvod.sct,1
   0.000372,cov_zoomdialog,cov_zoomdialog.queryunload,2,c:\program files\microsoft visual foxpro 8\coverage.vct,1
   0.000228,cov_saveposition,cov_saveposition.destroy,1,c:\program files\microsoft visual foxpro 8\coverage.vct,1
   0.000063,cov_saveposition,cov_saveposition.destroy,3,c:\program files\microsoft visual foxpro 8\coverage.vct,1
   0.000044,cov_saveposition,cov_saveposition.destroy,5,c:\program files\microsoft visual foxpro 8\coverage.vct,1
   0.015234,cov_saveposition,cov_saveposition.destroy,7,c:\program files\microsoft visual foxpro 8\coverage.vct,1
   0.014259,cov_engine,cov_engine.setregistrykeyvalue,4,c:\program files\microsoft visual foxpro 8\coverage.vct,2
   0.000097,cov_engine,cov_engine.setregistrykeyvalue,5,c:\program files\microsoft visual foxpro 8\coverage.vct,2
   0.000393,cov_saveposition,cov_saveposition.destroy,8,c:\program files\microsoft visual foxpro 8\coverage.vct,1
   0.000138,cov_engine,cov_engine.setregistrykeyvalue,4,c:\program files\microsoft visual foxpro 8\coverage.vct,2
   0.000055,cov_engine,cov_engine.setregistrykeyvalue,5,c:\program files\microsoft visual foxpro 8\coverage.vct,2
   0.000264,cov_saveposition,cov_saveposition.destroy,9,c:\program files\microsoft visual foxpro 8\coverage.vct,1
   0.000089,cov_engine,cov_engine.setregistrykeyvalue,4,c:\program files\microsoft visual foxpro 8\coverage.vct,2
   0.000042,cov_engine,cov_engine.setregistrykeyvalue,5,c:\program files\microsoft visual foxpro 8\coverage.vct,2
   0.000268,cov_saveposition,cov_saveposition.destroy,10,c:\program files\microsoft visual foxpro 8\coverage.vct,1
   0.000089,cov_engine,cov_engine.setregistrykeyvalue,4,c:\program files\microsoft visual foxpro 8\coverage.vct,2
   0.000042,cov_engine,cov_engine.setregistrykeyvalue,5,c:\program files\microsoft visual foxpro 8\coverage.vct,2
   0.000036,cov_saveposition,cov_saveposition.destroy,12,c:\program files\microsoft visual foxpro 8\coverage.vct,1
   0.000049,cov_saveposition,cov_saveposition.destroy,14,c:\program files\microsoft visual foxpro 8\coverage.vct,1
   0.000132,cov_saveposition,cov_saveposition.destroy,1,c:\program files\microsoft visual foxpro 8\coverage.vct,1
   0.000060,cov_saveposition,cov_saveposition.destroy,3,c:\program files\microsoft visual foxpro 8\coverage.vct,1
   0.000041,cov_saveposition,cov_saveposition.destroy,5,c:\program files\microsoft visual foxpro 8\coverage.vct,1
   0.000402,cov_saveposition,cov_saveposition.destroy,7,c:\program files\microsoft visual foxpro 8\coverage.vct,1
   0.000145,cov_engine,cov_engine.setregistrykeyvalue,4,c:\program files\microsoft visual foxpro 8\coverage.vct,2
   0.000058,cov_engine,cov_engine.setregistrykeyvalue,5,c:\program files\microsoft visual foxpro 8\coverage.vct,2
   0.000293,cov_saveposition,cov_saveposition.destroy,8,c:\program files\microsoft visual foxpro 8\coverage.vct,1
   0.000100,cov_engine,cov_engine.setregistrykeyvalue,4,c:\program files\microsoft visual foxpro 8\coverage.vct,2
   0.000048,cov_engine,cov_engine.setregistrykeyvalue,5,c:\program files\microsoft visual foxpro 8\coverage.vct,2
   0.000278,cov_saveposition,cov_saveposition.destroy,9,c:\program files\microsoft visual foxpro 8\coverage.vct,1
   0.000092,cov_engine,cov_engine.setregistrykeyvalue,4,c:\program files\microsoft visual foxpro 8\coverage.vct,2
   0.000041,cov_engine,cov_engine.setregistrykeyvalue,5,c:\program files\microsoft visual foxpro 8\coverage.vct,2
   0.000285,cov_saveposition,cov_saveposition.destroy,10,c:\program files\microsoft visual foxpro 8\coverage.vct,1
   0.000099,cov_engine,cov_engine.setregistrykeyvalue,4,c:\program files\microsoft visual foxpro 8\coverage.vct,2
   0.000051,cov_engine,cov_engine.setregistrykeyvalue,5,c:\program files\microsoft visual foxpro 8\coverage.vct,2
   0.000036,cov_saveposition,cov_saveposition.destroy,12,c:\program files\microsoft visual foxpro 8\coverage.vct,1
   0.000044,cov_saveposition,cov_saveposition.destroy,14,c:\program files\microsoft visual foxpro 8\coverage.vct,1
   0.000124,cov_maindialog,cov_maindialog.unload,1,c:\program files\microsoft visual foxpro 8\coverage.vct,1
   0.000111,cov_maindialog,cov_maindialog.unload,2,c:\program files\microsoft visual foxpro 8\coverage.vct,1
   0.000111,cov_maindialog,cov_maindialog.unload,6,c:\program files\microsoft visual foxpro 8\coverage.vct,1
   0.000038,cov_maindialog,cov_maindialog.unload,13,c:\program files\microsoft visual foxpro 8\coverage.vct,1
   0.001341,cov_maindialog,cov_maindialog.unload,14,c:\program files\microsoft visual foxpro 8\coverage.vct,1
   0.000128,cov_maindialog,cov_maindialog.unload,15,c:\program files\microsoft visual foxpro 8\coverage.vct,1
   0.000242,cov_standard,cov_standard.destroy,2,c:\program files\microsoft visual foxpro 8\coverage.vct,1
   0.051428,cov_standard,cov_standard.destroy,4,c:\program files\microsoft visual foxpro 8\coverage.vct,1
   0.049706,cov_engine,cov_engine.destroy,1,c:\program files\microsoft visual foxpro 8\coverage.vct,2
   0.049336,cov_standard,cov_standard.saveformsetattributes,1,c:\program files\microsoft visual foxpro 8\coverage.vct,3
   0.000068,cov_engine,cov_engine.saveformsetattributes,1,c:\program files\microsoft visual foxpro 8\coverage.vct,4
   0.000043,cov_engine,cov_engine.saveformsetattributes,2,c:\program files\microsoft visual foxpro 8\coverage.vct,4
   0.000353,cov_engine,cov_engine.saveformsetattributes,3,c:\program files\microsoft visual foxpro 8\coverage.vct,4
   0.000126,cov_engine,cov_engine.setregistrykeyvalue,4,c:\program files\microsoft visual foxpro 8\coverage.vct,5
   0.000053,cov_engine,cov_engine.setregistrykeyvalue,5,c:\program files\microsoft visual foxpro 8\coverage.vct,5
   0.000283,cov_engine,cov_engine.saveformsetattributes,4,c:\program files\microsoft visual foxpro 8\coverage.vct,4
   0.000094,cov_engine,cov_engine.setregistrykeyvalue,4,c:\program files\microsoft visual foxpro 8\coverage.vct,5
   0.000041,cov_engine,cov_engine.setregistrykeyvalue,5,c:\program files\microsoft visual foxpro 8\coverage.vct,5
   0.000270,cov_engine,cov_engine.saveformsetattributes,5,c:\program files\microsoft visual foxpro 8\coverage.vct,4
   0.000092,cov_engine,cov_engine.setregistrykeyvalue,4,c:\program files\microsoft visual foxpro 8\coverage.vct,5
   0.000041,cov_engine,cov_engine.setregistrykeyvalue,5,c:\program files\microsoft visual foxpro 8\coverage.vct,5
   0.000270,cov_engine,cov_engine.saveformsetattributes,6,c:\program files\microsoft visual foxpro 8\coverage.vct,4
   0.000091,cov_engine,cov_engine.setregistrykeyvalue,4,c:\program files\microsoft visual foxpro 8\coverage.vct,5
   0.000047,cov_engine,cov_engine.setregistrykeyvalue,5,c:\program files\microsoft visual foxpro 8\coverage.vct,5
   0.001400,cov_engine,cov_engine.saveformsetattributes,7,c:\program files\microsoft visual foxpro 8\coverage.vct,4
   0.046104,cov_engine,cov_engine.saveformsetattributes,8,c:\program files\microsoft visual foxpro 8\coverage.vct,4
   0.000076,cov_frame,cov_frame.destroy,1,c:\program files\microsoft visual foxpro 8\coverage.vct,6
   0.000109,cov_engine,cov_engine.saveformsetattributes,9,c:\program files\microsoft visual foxpro 8\coverage.vct,4
   0.000069,cov_engine,cov_engine.saveformsetattributes,11,c:\program files\microsoft visual foxpro 8\coverage.vct,4
   0.000111,cov_standard,cov_standard.saveformsetattributes,2,c:\program files\microsoft visual foxpro 8\coverage.vct,3
   0.000034,cov_standard,cov_standard.saveformsetattributes,8,c:\program files\microsoft visual foxpro 8\coverage.vct,3
   0.000032,cov_standard,cov_standard.saveformsetattributes,9,c:\program files\microsoft visual foxpro 8\coverage.vct,3
   0.000078,cov_engine,cov_engine.destroy,3,c:\program files\microsoft visual foxpro 8\coverage.vct,2
   0.001365,cov_engine,cov_engine.destroy,5,c:\program files\microsoft visual foxpro 8\coverage.vct,2
   0.000053,cov_engine,cov_engine.setregisteredaddins,1,c:\program files\microsoft visual foxpro 8\coverage.vct,3
   0.000042,cov_engine,cov_engine.setregisteredaddins,3,c:\program files\microsoft visual foxpro 8\coverage.vct,3
   0.000053,cov_engine,cov_engine.setregisteredaddins,6,c:\program files\microsoft visual foxpro 8\coverage.vct,3
   0.000063,cov_engine,cov_engine.setregisteredaddins,8,c:\program files\microsoft visual foxpro 8\coverage.vct,3
   0.000052,cov_engine,cov_engine.setregisteredaddins,9,c:\program files\microsoft visual foxpro 8\coverage.vct,3
   0.000556,cov_engine,cov_engine.setregisteredaddins,22,c:\program files\microsoft visual foxpro 8\coverage.vct,3
   0.000103,cov_engine,cov_engine.setregistrykeyvalue,4,c:\program files\microsoft visual foxpro 8\coverage.vct,4
   0.000306,cov_engine,cov_engine.setregistrykeyvalue,5,c:\program files\microsoft visual foxpro 8\coverage.vct,4
   0.000058,cov_engine,cov_engine.setregisteredaddins,23,c:\program files\microsoft visual foxpro 8\coverage.vct,3
   0.000041,cov_engine,cov_engine.setregisteredaddins,24,c:\program files\microsoft visual foxpro 8\coverage.vct,3
   0.000041,cov_engine,cov_engine.setregisteredaddins,25,c:\program files\microsoft visual foxpro 8\coverage.vct,3
   0.000042,cov_engine,cov_engine.setregisteredaddins,27,c:\program files\microsoft visual foxpro 8\coverage.vct,3
   0.000059,cov_engine,cov_engine.setregisteredaddins,28,c:\program files\microsoft visual foxpro 8\coverage.vct,3
   0.000071,cov_engine,cov_engine.destroy,7,c:\program files\microsoft visual foxpro 8\coverage.vct,2
   0.082245,cov_engine,cov_engine.unload,2,c:\program files\microsoft visual foxpro 8\coverage.vct,1
   0.003058,cov_engine,cov_engine.unload,6,c:\program files\microsoft visual foxpro 8\coverage.vct,1
   0.000275,cov_engine,cov_engine.resumecoverage,1,c:\program files\microsoft visual foxpro 8\coverage.vct,2
   0.000073,cov_engine,cov_engine.resumecoverage,3,c:\program files\microsoft visual foxpro 8\coverage.vct,2
   0.000047,cov_engine,cov_engine.resumecoverage,40,c:\program files\microsoft visual foxpro 8\coverage.vct,2
   0.000053,cov_engine,cov_engine.unload,7,c:\program files\microsoft visual foxpro 8\coverage.vct,1
           ,cov_engine,cov_engine.unload,11,c:\program files\microsoft visual foxpro 8\coverage.vct,1