

Серьезная ошибка: Код исключения=C0000006 @ 10/04/05 09:08:12 AM. Файл журнала ошибок: Z:\VFP8Rerr.log
	Вызов из -  f.pf.page3.btadd.click line 10  {z:\f_mater_edi2.sct z:\f_mater_edi2.sct}
	Вызов из -  f.btkod.click line 3  {z:\f_mater_edi1.sct z:\f_mater_edi1.sct}
	Вызов из -  f.btaddc.click line 3  {z:\f_mater_vib.sct z:\f_mater_vib.sct}
	Вызов из -  ON...  line 0  { }
	Вызов из -  main line 90  {Z:\main.prg z:\144.exe}


Серьезная ошибка: Код исключения=C0000006 @ 10/04/05 09:08:12 AM. Файл журнала ошибок: Z:\VFP8Rerr.log
	Вызов из -  f.pf.page3.btadd.click line 10  {z:\f_mater_edi2.sct z:\f_mater_edi2.sct}
	Вызов из -  f.btkod.click line 3  {z:\f_mater_edi1.sct z:\f_mater_edi1.sct}
	Вызов из -  f.btaddc.click line 3  {z:\f_mater_vib.sct z:\f_mater_vib.sct}
	Вызов из -  ON...  line 0  { }
	Вызов из -  main line 90  {Z:\main.prg z:\144.exe}


Серьезная ошибка: Код исключения=C0000006 @ 10/04/05 09:08:13 AM. Файл журнала ошибок: Z:\VFP8Rerr.log
	Вызов из -  f.pf.page3.btadd.click line 10  {z:\f_mater_edi2.sct z:\f_mater_edi2.sct}
	Вызов из -  f.btkod.click line 3  {z:\f_mater_edi1.sct z:\f_mater_edi1.sct}
	Вызов из -  f.btaddc.click line 3  {z:\f_mater_vib.sct z:\f_mater_vib.sct}
	Вызов из -  ON...  line 0  { }
	Вызов из -  main line 90  {Z:\main.prg z:\144.exe}


Серьезная ошибка: Код исключения=C0000006 @ 10/04/05 09:08:13 AM. Файл журнала ошибок: Z:\VFP8Rerr.log
	Вызов из -  f.pf.page3.btadd.click line 10  {z:\f_mater_edi2.sct z:\f_mater_edi2.sct}
	Вызов из -  f.btkod.click line 3  {z:\f_mater_edi1.sct z:\f_mater_edi1.sct}
	Вызов из -  f.btaddc.click line 3  {z:\f_mater_vib.sct z:\f_mater_vib.sct}
	Вызов из -  ON...  line 0  { }
	Вызов из -  main line 90  {Z:\main.prg z:\144.exe}


Серьезная ошибка: Код исключения=C0000006 @ 10/04/05 09:08:13 AM. Файл журнала ошибок: Z:\VFP8Rerr.log
	Вызов из -  f.pf.page3.btadd.click line 10  {z:\f_mater_edi2.sct z:\f_mater_edi2.sct}
	Вызов из -  f.btkod.click line 3  {z:\f_mater_edi1.sct z:\f_mater_edi1.sct}
	Вызов из -  f.btaddc.click line 3  {z:\f_mater_vib.sct z:\f_mater_vib.sct}
	Вызов из -  ON...  line 0  { }
	Вызов из -  main line 90  {Z:\main.prg z:\144.exe}


Серьезная ошибка: Код исключения=C0000006 @ 10/04/05 09:08:13 AM. Файл журнала ошибок: Z:\VFP8Rerr.log
	Вызов из -  f.pf.page3.btadd.click line 10  {z:\f_mater_edi2.sct z:\f_mater_edi2.sct}
	Вызов из -  f.btkod.click line 3  {z:\f_mater_edi1.sct z:\f_mater_edi1.sct}
	Вызов из -  f.btaddc.click line 3  {z:\f_mater_vib.sct z:\f_mater_vib.sct}
	Вызов из -  ON...  line 0  { }
	Вызов из -  main line 90  {Z:\main.prg z:\144.exe}


Серьезная ошибка: Код исключения=C0000006 @ 10/04/05 09:08:13 AM. Файл журнала ошибок: Z:\VFP8Rerr.log
	Вызов из -  f.pf.page3.btadd.click line 10  {z:\f_mater_edi2.sct z:\f_mater_edi2.sct}
	Вызов из -  f.btkod.click line 3  {z:\f_mater_edi1.sct z:\f_mater_edi1.sct}
	Вызов из -  f.btaddc.click line 3  {z:\f_mater_vib.sct z:\f_mater_vib.sct}
	Вызов из -  ON...  line 0  { }
	Вызов из -  main line 90  {Z:\main.prg z:\144.exe}


Серьезная ошибка: Код исключения=C0000006 @ 10/04/05 09:08:13 AM. Файл журнала ошибок: Z:\VFP8Rerr.log
	Вызов из -  f.pf.page3.btadd.click line 10  {z:\f_mater_edi2.sct z:\f_mater_edi2.sct}
	Вызов из -  f.btkod.click line 3  {z:\f_mater_edi1.sct z:\f_mater_edi1.sct}
	Вызов из -  f.btaddc.click line 3  {z:\f_mater_vib.sct z:\f_mater_vib.sct}
	Вызов из -  ON...  line 0  { }
	Вызов из -  main line 90  {Z:\main.prg z:\144.exe}


Серьезная ошибка: Код исключения=C0000006 @ 10/04/05 09:08:13 AM. Файл журнала ошибок: Z:\VFP8Rerr.log
	Вызов из -  f.pf.page3.btadd.click line 10  {z:\f_mater_edi2.sct z:\f_mater_edi2.sct}
	Вызов из -  f.btkod.click line 3  {z:\f_mater_edi1.sct z:\f_mater_edi1.sct}
	Вызов из -  f.btaddc.click line 3  {z:\f_mater_vib.sct z:\f_mater_vib.sct}
	Вызов из -  ON...  line 0  { }
	Вызов из -  main line 90  {Z:\main.prg z:\144.exe}


Серьезная ошибка: Код исключения=C0000006 @ 10/04/05 09:08:13 AM. Файл журнала ошибок: Z:\VFP8Rerr.log
	Вызов из -  f.pf.page3.btadd.click line 10  {z:\f_mater_edi2.sct z:\f_mater_edi2.sct}
	Вызов из -  f.btkod.click line 3  {z:\f_mater_edi1.sct z:\f_mater_edi1.sct}
	Вызов из -  f.btaddc.click line 3  {z:\f_mater_vib.sct z:\f_mater_vib.sct}
	Вызов из -  ON...  line 0  { }
	Вызов из -  main line 90  {Z:\main.prg z:\144.exe}


Серьезная ошибка: Код исключения=C0000006 @ 10/04/05 09:08:13 AM. Файл журнала ошибок: Z:\VFP8Rerr.log
	Вызов из -  f.pf.page3.btadd.click line 10  {z:\f_mater_edi2.sct z:\f_mater_edi2.sct}
	Вызов из -  f.btkod.click line 3  {z:\f_mater_edi1.sct z:\f_mater_edi1.sct}
	Вызов из -  f.btaddc.click line 3  {z:\f_mater_vib.sct z:\f_mater_vib.sct}
	Вызов из -  ON...  line 0  { }
	Вызов из -  main line 90  {Z:\main.prg z:\144.exe}


Серьезная ошибка: Код исключения=C0000006 @ 10/04/05 09:08:13 AM. Файл журнала ошибок: Z:\VFP8Rerr.log
	Вызов из -  f.pf.page3.btadd.click line 10  {z:\f_mater_edi2.sct z:\f_mater_edi2.sct}
	Вызов из -  f.btkod.click line 3  {z:\f_mater_edi1.sct z:\f_mater_edi1.sct}
	Вызов из -  f.btaddc.click line 3  {z:\f_mater_vib.sct z:\f_mater_vib.sct}
	Вызов из -  ON...  line 0  { }
	Вызов из -  main line 90  {Z:\main.prg z:\144.exe}


Серьезная ошибка: Код исключения=C0000006 @ 10/04/05 09:08:13 AM. Файл журнала ошибок: Z:\VFP8Rerr.log
	Вызов из -  f.pf.page3.btadd.click line 10  {z:\f_mater_edi2.sct z:\f_mater_edi2.sct}
	Вызов из -  f.btkod.click line 3  {z:\f_mater_edi1.sct z:\f_mater_edi1.sct}
	Вызов из -  f.btaddc.click line 3  {z:\f_mater_vib.sct z:\f_mater_vib.sct}
	Вызов из -  ON...  line 0  { }
	Вызов из -  main line 90  {Z:\main.prg z:\144.exe}


Серьезная ошибка: Код исключения=C0000006 @ 10/04/05 09:08:13 AM. Файл журнала ошибок: Z:\VFP8Rerr.log
	Вызов из -  f.pf.page3.btadd.click line 10  {z:\f_mater_edi2.sct z:\f_mater_edi2.sct}
	Вызов из -  f.btkod.click line 3  {z:\f_mater_edi1.sct z:\f_mater_edi1.sct}
	Вызов из -  f.btaddc.click line 3  {z:\f_mater_vib.sct z:\f_mater_vib.sct}
	Вызов из -  ON...  line 0  { }
	Вызов из -  main line 90  {Z:\main.prg z:\144.exe}


Серьезная ошибка: Код исключения=C0000006 @ 10/04/05 09:08:13 AM. Файл журнала ошибок: Z:\VFP8Rerr.log
	Вызов из -  f.pf.page3.btadd.click line 10  {z:\f_mater_edi2.sct z:\f_mater_edi2.sct}
	Вызов из -  f.btkod.click line 3  {z:\f_mater_edi1.sct z:\f_mater_edi1.sct}
	Вызов из -  f.btaddc.click line 3  {z:\f_mater_vib.sct z:\f_mater_vib.sct}
	Вызов из -  ON...  line 0  { }
	Вызов из -  main line 90  {Z:\main.prg z:\144.exe}


Серьезная ошибка: Код исключения=C0000006 @ 10/04/05 09:08:13 AM. Файл журнала ошибок: Z:\VFP8Rerr.log
	Вызов из -  f.pf.page3.btadd.click line 10  {z:\f_mater_edi2.sct z:\f_mater_edi2.sct}
	Вызов из -  f.btkod.click line 3  {z:\f_mater_edi1.sct z:\f_mater_edi1.sct}
	Вызов из -  f.btaddc.click line 3  {z:\f_mater_vib.sct z:\f_mater_vib.sct}
	Вызов из -  ON...  line 0  { }
	Вызов из -  main line 90  {Z:\main.prg z:\144.exe}


Серьезная ошибка: Код исключения=C0000006 @ 10/04/05 09:08:13 AM. Файл журнала ошибок: Z:\VFP8Rerr.log
	Вызов из -  f.pf.page3.btadd.click line 10  {z:\f_mater_edi2.sct z:\f_mater_edi2.sct}
	Вызов из -  f.btkod.click line 3  {z:\f_mater_edi1.sct z:\f_mater_edi1.sct}
	Вызов из -  f.btaddc.click line 3  {z:\f_mater_vib.sct z:\f_mater_vib.sct}
	Вызов из -  ON...  line 0  { }
	Вызов из -  main line 90  {Z:\main.prg z:\144.exe}


Серьезная ошибка: Код исключения=C0000006 @ 10/04/05 09:08:13 AM. Файл журнала ошибок: Z:\VFP8Rerr.log
	Вызов из -  f.pf.page3.btadd.click line 10  {z:\f_mater_edi2.sct z:\f_mater_edi2.sct}
	Вызов из -  f.btkod.click line 3  {z:\f_mater_edi1.sct z:\f_mater_edi1.sct}
	Вызов из -  f.btaddc.click line 3  {z:\f_mater_vib.sct z:\f_mater_vib.sct}
	Вызов из -  ON...  line 0  { }
	Вызов из -  main line 90  {Z:\main.prg z:\144.exe}


Серьезная ошибка: Код исключения=C0000006 @ 10/04/05 09:08:13 AM. Файл журнала ошибок: Z:\VFP8Rerr.log
	Вызов из -  f.pf.page3.btadd.click line 10  {z:\f_mater_edi2.sct z:\f_mater_edi2.sct}
	Вызов из -  f.btkod.click line 3  {z:\f_mater_edi1.sct z:\f_mater_edi1.sct}
	Вызов из -  f.btaddc.click line 3  {z:\f_mater_vib.sct z:\f_mater_vib.sct}
	Вызов из -  ON...  line 0  { }
	Вызов из -  main line 90  {Z:\main.prg z:\144.exe}


Серьезная ошибка: Код исключения=C0000006 @ 10/04/05 09:08:13 AM. Файл журнала ошибок: Z:\VFP8Rerr.log
	Вызов из -  f.pf.page3.btadd.click line 10  {z:\f_mater_edi2.sct z:\f_mater_edi2.sct}
	Вызов из -  f.btkod.click line 3  {z:\f_mater_edi1.sct z:\f_mater_edi1.sct}
	Вызов из -  f.btaddc.click line 3  {z:\f_mater_vib.sct z:\f_mater_vib.sct}
	Вызов из -  ON...  line 0  { }
	Вызов из -  main line 90  {Z:\main.prg z:\144.exe}


Серьезная ошибка: Код исключения=C0000006 @ 10/04/05 09:08:13 AM. Файл журнала ошибок: Z:\VFP8Rerr.log
	Вызов из -  f.pf.page3.btadd.click line 10  {z:\f_mater_edi2.sct z:\f_mater_edi2.sct}
	Вызов из -  f.btkod.click line 3  {z:\f_mater_edi1.sct z:\f_mater_edi1.sct}
	Вызов из -  f.btaddc.click line 3  {z:\f_mater_vib.sct z:\f_mater_vib.sct}
	Вызов из -  ON...  line 0  { }
	Вызов из -  main line 90  {Z:\main.prg z:\144.exe}


Серьезная ошибка: Код исключения=C0000006 @ 10/04/05 09:08:13 AM. Файл журнала ошибок: Z:\VFP8Rerr.log
	Вызов из -  f.pf.page3.btadd.click line 10  {z:\f_mater_edi2.sct z:\f_mater_edi2.sct}
	Вызов из -  f.btkod.click line 3  {z:\f_mater_edi1.sct z:\f_mater_edi1.sct}
	Вызов из -  f.btaddc.click line 3  {z:\f_mater_vib.sct z:\f_mater_vib.sct}
	Вызов из -  ON...  line 0  { }
	Вызов из -  main line 90  {Z:\main.prg z:\144.exe}


Серьезная ошибка: Код исключения=C0000006 @ 10/04/05 09:08:13 AM. Файл журнала ошибок: Z:\VFP8Rerr.log
	Вызов из -  f.pf.page3.btadd.click line 10  {z:\f_mater_edi2.sct z:\f_mater_edi2.sct}
	Вызов из -  f.btkod.click line 3  {z:\f_mater_edi1.sct z:\f_mater_edi1.sct}
	Вызов из -  f.btaddc.click line 3  {z:\f_mater_vib.sct z:\f_mater_vib.sct}
	Вызов из -  ON...  line 0  { }
	Вызов из -  main line 90  {Z:\main.prg z:\144.exe}


Серьезная ошибка: Код исключения=C0000006 @ 10/04/05 09:08:13 AM. Файл журнала ошибок: Z:\VFP8Rerr.log
	Вызов из -  f.pf.page3.btadd.click line 10  {z:\f_mater_edi2.sct z:\f_mater_edi2.sct}
	Вызов из -  f.btkod.click line 3  {z:\f_mater_edi1.sct z:\f_mater_edi1.sct}
	Вызов из -  f.btaddc.click line 3  {z:\f_mater_vib.sct z:\f_mater_vib.sct}
	Вызов из -  ON...  line 0  { }
	Вызов из -  main line 90  {Z:\main.prg z:\144.exe}


Серьезная ошибка: Код исключения=C0000006 @ 10/04/05 09:08:13 AM. Файл журнала ошибок: Z:\VFP8Rerr.log
	Вызов из -  f.pf.page3.btadd.click line 10  {z:\f_mater_edi2.sct z:\f_mater_edi2.sct}
	Вызов из -  f.btkod.click line 3  {z:\f_mater_edi1.sct z:\f_mater_edi1.sct}
	Вызов из -  f.btaddc.click line 3  {z:\f_mater_vib.sct z:\f_mater_vib.sct}
	Вызов из -  ON...  line 0  { }
	Вызов из -  main line 90  {Z:\main.prg z:\144.exe}


Серьезная ошибка: Код исключения=C0000006 @ 10/04/05 09:08:13 AM. Файл журнала ошибок: Z:\VFP8Rerr.log
	Вызов из -  f.pf.page3.btadd.click line 10  {z:\f_mater_edi2.sct z:\f_mater_edi2.sct}
	Вызов из -  f.btkod.click line 3  {z:\f_mater_edi1.sct z:\f_mater_edi1.sct}
	Вызов из -  f.btaddc.click line 3  {z:\f_mater_vib.sct z:\f_mater_vib.sct}
	Вызов из -  ON...  line 0  { }
	Вызов из -  main line 90  {Z:\main.prg z:\144.exe}


Серьезная ошибка: Код исключения=C0000006 @ 10/04/05 09:08:13 AM. Файл журнала ошибок: Z:\VFP8Rerr.log
	Вызов из -  f.pf.page3.btadd.click line 10  {z:\f_mater_edi2.sct z:\f_mater_edi2.sct}
	Вызов из -  f.btkod.click line 3  {z:\f_mater_edi1.sct z:\f_mater_edi1.sct}
	Вызов из -  f.btaddc.click line 3  {z:\f_mater_vib.sct z:\f_mater_vib.sct}
	Вызов из -  ON...  line 0  { }
	Вызов из -  main line 90  {Z:\main.prg z:\144.exe}


Серьезная ошибка: Код исключения=C0000006 @ 10/04/05 09:08:13 AM. Файл журнала ошибок: Z:\VFP8Rerr.log
	Вызов из -  f.pf.page3.btadd.click line 10  {z:\f_mater_edi2.sct z:\f_mater_edi2.sct}
	Вызов из -  f.btkod.click line 3  {z:\f_mater_edi1.sct z:\f_mater_edi1.sct}
	Вызов из -  f.btaddc.click line 3  {z:\f_mater_vib.sct z:\f_mater_vib.sct}
	Вызов из -  ON...  line 0  { }
	Вызов из -  main line 90  {Z:\main.prg z:\144.exe}


Серьезная ошибка: Код исключения=C0000006 @ 10/04/05 09:08:13 AM. Файл журнала ошибок: Z:\VFP8Rerr.log
	Вызов из -  f.pf.page3.btadd.click line 10  {z:\f_mater_edi2.sct z:\f_mater_edi2.sct}
	Вызов из -  f.btkod.click line 3  {z:\f_mater_edi1.sct z:\f_mater_edi1.sct}
	Вызов из -  f.btaddc.click line 3  {z:\f_mater_vib.sct z:\f_mater_vib.sct}
	Вызов из -  ON...  line 0  { }
	Вызов из -  main line 90  {Z:\main.prg z:\144.exe}


Серьезная ошибка: Код исключения=C0000006 @ 10/04/05 09:08:13 AM. Файл журнала ошибок: Z:\VFP8Rerr.log
	Вызов из -  f.pf.page3.btadd.click line 10  {z:\f_mater_edi2.sct z:\f_mater_edi2.sct}
	Вызов из -  f.btkod.click line 3  {z:\f_mater_edi1.sct z:\f_mater_edi1.sct}
	Вызов из -  f.btaddc.click line 3  {z:\f_mater_vib.sct z:\f_mater_vib.sct}
	Вызов из -  ON...  line 0  { }
	Вызов из -  main line 90  {Z:\main.prg z:\144.exe}


Серьезная ошибка: Код исключения=C0000006 @ 10/04/05 09:08:13 AM. Файл журнала ошибок: Z:\VFP8Rerr.log
	Вызов из -  f.pf.page3.btadd.click line 10  {z:\f_mater_edi2.sct z:\f_mater_edi2.sct}
	Вызов из -  f.btkod.click line 3  {z:\f_mater_edi1.sct z:\f_mater_edi1.sct}
	Вызов из -  f.btaddc.click line 3  {z:\f_mater_vib.sct z:\f_mater_vib.sct}
	Вызов из -  ON...  line 0  { }
	Вызов из -  main line 90  {Z:\main.prg z:\144.exe}


Серьезная ошибка: Код исключения=C0000006 @ 10/04/05 09:08:13 AM. Файл журнала ошибок: Z:\VFP8Rerr.log
	Вызов из -  f.pf.page3.btadd.click line 10  {z:\f_mater_edi2.sct z:\f_mater_edi2.sct}
	Вызов из -  f.btkod.click line 3  {z:\f_mater_edi1.sct z:\f_mater_edi1.sct}
	Вызов из -  f.btaddc.click line 3  {z:\f_mater_vib.sct z:\f_mater_vib.sct}
	Вызов из -  ON...  line 0  { }
	Вызов из -  main line 90  {Z:\main.prg z:\144.exe}


Серьезная ошибка: Код исключения=C0000006 @ 10/04/05 09:08:13 AM. Файл журнала ошибок: Z:\VFP8Rerr.log
	Вызов из -  f.pf.page3.btadd.click line 10  {z:\f_mater_edi2.sct z:\f_mater_edi2.sct}
	Вызов из -  f.btkod.click line 3  {z:\f_mater_edi1.sct z:\f_mater_edi1.sct}
	Вызов из -  f.btaddc.click line 3  {z:\f_mater_vib.sct z:\f_mater_vib.sct}
	Вызов из -  ON...  line 0  { }
	Вызов из -  main line 90  {Z:\main.prg z:\144.exe}


Серьезная ошибка: Код исключения=C0000006 @ 10/04/05 09:08:13 AM. Файл журнала ошибок: Z:\VFP8Rerr.log
	Вызов из -  f.pf.page3.btadd.click line 10  {z:\f_mater_edi2.sct z:\f_mater_edi2.sct}
	Вызов из -  f.btkod.click line 3  {z:\f_mater_edi1.sct z:\f_mater_edi1.sct}
	Вызов из -  f.btaddc.click line 3  {z:\f_mater_vib.sct z:\f_mater_vib.sct}
	Вызов из -  ON...  line 0  { }
	Вызов из -  main line 90  {Z:\main.prg z:\144.exe}


Серьезная ошибка: Код исключения=C0000006 @ 10/04/05 09:08:14 AM. Файл журнала ошибок: Z:\VFP8Rerr.log
	Вызов из -  f.pf.page3.btadd.click line 10  {z:\f_mater_edi2.sct z:\f_mater_edi2.sct}
	Вызов из -  f.btkod.click line 3  {z:\f_mater_edi1.sct z:\f_mater_edi1.sct}
	Вызов из -  f.btaddc.click line 3  {z:\f_mater_vib.sct z:\f_mater_vib.sct}
	Вызов из -  ON...  line 0  { }
	Вызов из -  main line 90  {Z:\main.prg z:\144.exe}


Серьезная ошибка: Код исключения=C0000006 @ 10/04/05 09:08:14 AM. Файл журнала ошибок: Z:\VFP8Rerr.log
	Вызов из -  f.pf.page3.btadd.click line 10  {z:\f_mater_edi2.sct z:\f_mater_edi2.sct}
	Вызов из -  f.btkod.click line 3  {z:\f_mater_edi1.sct z:\f_mater_edi1.sct}
	Вызов из -  f.btaddc.click line 3  {z:\f_mater_vib.sct z:\f_mater_vib.sct}
	Вызов из -  ON...  line 0  { }
	Вызов из -  main line 90  {Z:\main.prg z:\144.exe}


Серьезная ошибка: Код исключения=C0000006 @ 10/04/05 09:08:14 AM. Файл журнала ошибок: Z:\VFP8Rerr.log
	Вызов из -  f.pf.page3.btadd.click line 10  {z:\f_mater_edi2.sct z:\f_mater_edi2.sct}
	Вызов из -  f.btkod.click line 3  {z:\f_mater_edi1.sct z:\f_mater_edi1.sct}
	Вызов из -  f.btaddc.click line 3  {z:\f_mater_vib.sct z:\f_mater_vib.sct}
	Вызов из -  ON...  line 0  { }
	Вызов из -  main line 90  {Z:\main.prg z:\144.exe}


Серьезная ошибка: Код исключения=C0000006 @ 10/04/05 09:08:14 AM. Файл журнала ошибок: Z:\VFP8Rerr.log
	Вызов из -  f.pf.page3.btadd.click line 10  {z:\f_mater_edi2.sct z:\f_mater_edi2.sct}
	Вызов из -  f.btkod.click line 3  {z:\f_mater_edi1.sct z:\f_mater_edi1.sct}
	Вызов из -  f.btaddc.click line 3  {z:\f_mater_vib.sct z:\f_mater_vib.sct}
	Вызов из -  ON...  line 0  { }
	Вызов из -  main line 90  {Z:\main.prg z:\144.exe}


Серьезная ошибка: Код исключения=C0000006 @ 10/04/05 09:08:14 AM. Файл журнала ошибок: Z:\VFP8Rerr.log
	Вызов из -  f.pf.page3.btadd.click line 10  {z:\f_mater_edi2.sct z:\f_mater_edi2.sct}
	Вызов из -  f.btkod.click line 3  {z:\f_mater_edi1.sct z:\f_mater_edi1.sct}
	Вызов из -  f.btaddc.click line 3  {z:\f_mater_vib.sct z:\f_mater_vib.sct}
	Вызов из -  ON...  line 0  { }
	Вызов из -  main line 90  {Z:\main.prg z:\144.exe}


Серьезная ошибка: Код исключения=C0000006 @ 17/10/2005 10:58:32 AM. Файл журнала ошибок: Z:\VFP8Rerr.log
	Вызов из -  main line 90  {Z:\main.prg z:\144.exe}


Серьезная ошибка: Код исключения=C0000006 @ 17/10/2005 10:58:42 AM. Файл журнала ошибок: Z:\VFP8Rerr.log
	Вызов из -  main line 90  {Z:\main.prg z:\144.exe}
